Inicio da instalacao: Tue Apr 17 11:22:06 BRT 2007
## inicio funcconfsshroot ##
mkdir: cannot create directory `/root': File exists
mkdir: cannot create directory `/root/.ssh/': File exists
## final funcconfsshroot ##
## inicio funcconfbd ##
## declarando variavies ##
## criando diretorio de instalacao e copiando arquivos fonte
## instalando ntop
Last login: Wed Apr 18 10:33:06 2007 from 192.168.100.12
Linux 2.6.20.4.
root@fwin-opipari:~# 
root@fwin-opipari:~# 
You have new mail in /var/mail/root
root@fwin-opipari:~# 
root@fwin-opipari:~# 
root@fwin-opipari:~# 
root@fwin-opipari:~# 
root@fwin-opipari:~# 
root@fwin-opipari:~# 
root@fwin-opipari:~# 
root@fwin-opipari:~# 
root@fwin-opipari:~# 
root@fwin-opipari:~# 
root@fwin-opipari:~# 
root@fwin-opipari:~# 
root@fwin-opipari:~# 
root@fwin-opipari:~# 
root@fwin-opipari:~# 
root@fwin-opipari:~# 
root@fwin-opipari:~# 
root@fwin-opipari:~# 
root@fwin-opipari:~# 
root@fwin-opipari:~# 
root@fwin-opipari:~# 
root@fwin-opipari:~# 
root@fwin-opipari:~# 
root@fwin-opipari:~# 
root@fwin-opipari:~# 
root@fwin-opipari:~# 