Inicio da instalacao: Tue May 22 04:44:09 BRT 2007
## inicio funcconfgd ##
## declarando variavies ##
## criando diretorio de instalacao e copiando arquivos fonte
## instalando libgd ##
cd /root/install;tar xvjf gd-2.0.34.tar.bz2; cd gd-2.0.34 ; ./configure --prefix=/usr/local/gd-2.0.34 && make && make install
gd-2.0.34/config/Makefile.am
gd-2.0.34/config/Makefile.in
gd-2.0.34/config/gdlib-config.in
gd-2.0.34/config/config.guess
gd-2.0.34/config/config.rpath
gd-2.0.34/config/config.sub
gd-2.0.34/config/depcomp
gd-2.0.34/config/install-sh
gd-2.0.34/config/ltmain.sh
gd-2.0.34/config/missing
gd-2.0.34/config/mkinstalldirs
gd-2.0.34/configure.ac
gd-2.0.34/aclocal.m4
gd-2.0.34/gd.h
gd-2.0.34/gdfx.h
gd-2.0.34/gd_io.h
gd-2.0.34/gdcache.h
gd-2.0.34/gdfontg.h
gd-2.0.34/gdfontl.h
gd-2.0.34/gdfontmb.h
gd-2.0.34/gdfonts.h
gd-2.0.34/gdfontt.h
gd-2.0.34/entities.h
gd-2.0.34/Makefile.am
gd-2.0.34/Makefile.in
gd-2.0.34/config.hin
gd-2.0.34/configure
gd-2.0.34/COPYING
gd-2.0.34/INSTALL
gd-2.0.34/depcomp
gd-2.0.34/install-sh
gd-2.0.34/missing
gd-2.0.34/mkinstalldirs
gd-2.0.34/gd.c
gd-2.0.34/gdfx.c
gd-2.0.34/gd_security.c
gd-2.0.34/gd_gd.c
gd-2.0.34/gd_gd2.c
gd-2.0.34/gd_io.c
gd-2.0.34/gd_io_dp.c
gd-2.0.34/gd_gif_in.c
gd-2.0.34/gd_gif_out.c
gd-2.0.34/gd_io_file.c
gd-2.0.34/gd_io_ss.c
gd-2.0.34/gd_jpeg.c
gd-2.0.34/gd_png.c
gd-2.0.34/gd_ss.c
gd-2.0.34/gd_topal.c
gd-2.0.34/gd_wbmp.c
gd-2.0.34/gdcache.c
gd-2.0.34/gdfontg.c
gd-2.0.34/gdfontl.c
gd-2.0.34/gdfontmb.c
gd-2.0.34/gdfonts.c
gd-2.0.34/gdfontt.c
gd-2.0.34/gdft.c
gd-2.0.34/gdhelpers.c
gd-2.0.34/gdhelpers.h
gd-2.0.34/gdkanji.c
gd-2.0.34/gdtables.c
gd-2.0.34/gdxpm.c
gd-2.0.34/jisx0208.h
gd-2.0.34/wbmp.c
gd-2.0.34/wbmp.h
gd-2.0.34/annotate.c
gd-2.0.34/circletexttest.c
gd-2.0.34/fontconfigtest.c
gd-2.0.34/fontsizetest.c
gd-2.0.34/fontwheeltest.c
gd-2.0.34/gd2copypal.c
gd-2.0.34/gd2time.c
gd-2.0.34/gd2togif.c
gd-2.0.34/gd2topng.c
gd-2.0.34/gdcmpgif.c
gd-2.0.34/gddemo.c
gd-2.0.34/gdparttopng.c
gd-2.0.34/gdtest.c
gd-2.0.34/gdtestft.c
gd-2.0.34/gdtopng.c
gd-2.0.34/gifanimtest.c
gd-2.0.34/giftogd2.c
gd-2.0.34/pngtogd.c
gd-2.0.34/pngtogd2.c
gd-2.0.34/testac.c
gd-2.0.34/testtr.c
gd-2.0.34/webpng.c
gd-2.0.34/README-JPEG.TXT
gd-2.0.34/README.TXT
gd-2.0.34/bdftogd
gd-2.0.34/demoin.png
gd-2.0.34/err.out
gd-2.0.34/index.html
gd-2.0.34/install-item
gd-2.0.34/readme.jpn
gd-2.0.34/entities.html
gd-2.0.34/entities.tcl
gd-2.0.34/test/Makefile.am
gd-2.0.34/test/Makefile.in
gd-2.0.34/test/gdtest.gd2
gd-2.0.34/test/gdtest.png
gd-2.0.34/test/gdtest_200_300_150_100.png
gd-2.0.34/test/gdtest_merge.png
gd-2.0.34/test/gdtest_wbmp_to_png.png
gd-2.0.34/NEWS
gd-2.0.34/README.TESTING
gd-2.0.34/CMakeLists.txt
gd-2.0.34/config.h.cmake
gd-2.0.34/tests/gdimagecopyrotated/bug00020_exp.png
gd-2.0.34/tests/gdimagecopyrotated/CMakeLists.txt
gd-2.0.34/tests/gdimagecopyrotated/bug00020.c
gd-2.0.34/tests/gdimagecolorresolve/CMakeLists.txt
gd-2.0.34/tests/gdimagecolorresolve/gdimagecolorresolve.c
gd-2.0.34/tests/gdimagefilledellipse/CMakeLists.txt
gd-2.0.34/tests/gdimagefilledellipse/bug00010.c
gd-2.0.34/tests/gdimagefilledellipse/bug00010_exp.png
gd-2.0.34/tests/gdtest/gdtest.h
gd-2.0.34/tests/gdtest/CMakeLists.txt
gd-2.0.34/tests/gdtest/gdtest.c
gd-2.0.34/tests/gdimagefilledrectangle/CMakeLists.txt
gd-2.0.34/tests/gdimagefilledrectangle/bug00004.c
gd-2.0.34/tests/png/emptyfile
gd-2.0.34/tests/png/bug00011.c
gd-2.0.34/tests/png/CMakeLists.txt
gd-2.0.34/tests/png/bug00033.png
gd-2.0.34/tests/png/bug00033.c
gd-2.0.34/tests/gdimagecolorexact/gdimagecolorexact.c
gd-2.0.34/tests/gdimagecolorexact/CMakeLists.txt
gd-2.0.34/tests/gd2/gd2_empty_file.c
gd-2.0.34/tests/gd2/conv_gd2_exp.gd2
gd-2.0.34/tests/gd2/empty.gd2
gd-2.0.34/tests/gd2/CMakeLists.txt
gd-2.0.34/tests/gd2/gd2_read.c
gd-2.0.34/tests/gd2/conv_test.gd2
gd-2.0.34/tests/gd2/conv_test_exp.png
gd-2.0.34/tests/gdimageline/gdimageline_aa_b_0_exp.png
gd-2.0.34/tests/gdimageline/gdimageline_aa_a_1_exp.png
gd-2.0.34/tests/gdimageline/gdimageline_aa_b_1_exp.png
gd-2.0.34/tests/gdimageline/gdimageline_aa_c_0_exp.png
gd-2.0.34/tests/gdimageline/gdimageline_aa.c
gd-2.0.34/tests/gdimageline/gdimageline_aa_d_1_exp.png
gd-2.0.34/tests/gdimageline/CMakeLists.txt
gd-2.0.34/tests/gdimageline/gdimageline_aa_d_0_exp.png
gd-2.0.34/tests/gdimageline/gdimageline_aa_c_1_exp.png
gd-2.0.34/tests/gdimageline/gdimageline_aa_outofrange.c
gd-2.0.34/tests/gdimageline/gdimageline_aa_a_0_exp.png
gd-2.0.34/tests/CMakeLists.txt
gd-2.0.34/tests/gdimagecopy/CMakeLists.txt
gd-2.0.34/tests/gdimagecopy/bug00007.c
gd-2.0.34/tests/gdtiled/bug00032_exp.png
gd-2.0.34/tests/gdtiled/CMakeLists.txt
gd-2.0.34/tests/gdtiled/bug00032.c
gd-2.0.34/tests/gif/bug00005_2.gif
gd-2.0.34/tests/gif/bug00005_2_exp.png
gd-2.0.34/tests/gif/bug00005.c
gd-2.0.34/tests/gif/bug00005_3.gif
gd-2.0.34/tests/gif/CMakeLists.txt
gd-2.0.34/tests/gif/bug00005_1.gif
gd-2.0.34/tests/gif/bug00006.c
gd-2.0.34/tests/gif/bug00005_0.gif
gd-2.0.34/tests/gif/bug00005_2.c
gd-2.0.34/tests/gdimagefilltoborder/bug00037.c
gd-2.0.34/tests/gdimagefilltoborder/CMakeLists.txt
gd-2.0.34/tests/jpeg/CMakeLists.txt
gd-2.0.34/tests/jpeg/empty.jpeg
gd-2.0.34/tests/jpeg/jpeg_empty_file.c
gd-2.0.34/tests/jpeg/jpeg_read.c
gd-2.0.34/tests/jpeg/conv_test_exp.png
gd-2.0.34/tests/jpeg/conv_test.jpeg
gd-2.0.34/tests/gdimagecolorclosest/CMakeLists.txt
gd-2.0.34/tests/gdimagecolorclosest/gdimagecolorclosest.c
gd-2.0.34/tests/gdimagefill/bug00002_2.c
gd-2.0.34/tests/gdimagefill/bug00002_4_exp.png
gd-2.0.34/tests/gdimagefill/bug00002_1_exp.png
gd-2.0.34/tests/gdimagefill/bug00002_1.c
gd-2.0.34/tests/gdimagefill/bug00002_3.c
gd-2.0.34/tests/gdimagefill/CMakeLists.txt
gd-2.0.34/tests/gdimagefill/bug00002_3_exp.png
gd-2.0.34/tests/gdimagefill/bug00002_2_exp.png
gd-2.0.34/tests/gdimagefill/bug00002_4.c
gd-2.0.34/tests/gdimagerectangle/CMakeLists.txt
gd-2.0.34/tests/gdimagerectangle/bug00003.c
gd-2.0.34/windows/libgd.rc
gd-2.0.34/windows/Makefile
checking build system type... i686-pc-linux-gnu
checking host system type... i686-pc-linux-gnu
checking target system type... i686-pc-linux-gnu
checking for a BSD-compatible install... /usr/bin/ginstall -c
checking whether build environment is sane... yes
checking for gawk... gawk
checking whether make sets $(MAKE)... yes
checking if we are building a Cygwin target... no
checking for gcc... gcc
checking for C compiler default output file name... a.out
checking whether the C compiler works... yes
checking whether we are cross compiling... no
checking for suffix of executables... 
checking for suffix of object files... o
checking whether we are using the GNU C compiler... yes
checking whether gcc accepts -g... yes
checking for gcc option to accept ISO C89... none needed
checking for style of include used by make... GNU
checking dependency style of gcc... gcc3
checking for gcc... (cached) gcc
checking whether we are using the GNU C compiler... (cached) yes
checking whether gcc accepts -g... (cached) yes
checking for gcc option to accept ISO C89... (cached) none needed
checking dependency style of gcc... (cached) gcc3
checking for a BSD-compatible install... /usr/bin/ginstall -c
checking for a sed that does not truncate output... /usr/bin/sed
checking for grep that handles long lines and -e... /usr/bin/grep
checking for egrep... /usr/bin/grep -E
checking for ld used by gcc... /usr/i486-slackware-linux/bin/ld
checking if the linker (/usr/i486-slackware-linux/bin/ld) is GNU ld... yes
checking for /usr/i486-slackware-linux/bin/ld option to reload object files... -r
checking for BSD-compatible nm... /usr/bin/nm -B
checking whether ln -s works... yes
checking how to recognise dependent libraries... pass_all
checking how to run the C preprocessor... gcc -E
checking for ANSI C header files... yes
checking for sys/types.h... yes
checking for sys/stat.h... yes
checking for stdlib.h... yes
checking for string.h... yes
checking for memory.h... yes
checking for strings.h... yes
checking for inttypes.h... yes
checking for stdint.h... yes
checking for unistd.h... yes
checking dlfcn.h usability... yes
checking dlfcn.h presence... yes
checking for dlfcn.h... yes
checking for g++... g++
checking whether we are using the GNU C++ compiler... yes
checking whether g++ accepts -g... yes
checking dependency style of g++... gcc3
checking how to run the C++ preprocessor... g++ -E
checking for g77... g77
checking whether we are using the GNU Fortran 77 compiler... yes
checking whether g77 accepts -g... yes
checking the maximum length of command line arguments... 32768
checking command to parse /usr/bin/nm -B output from gcc object... ok
checking for objdir... .libs
checking for ar... ar
checking for ranlib... ranlib
checking for strip... strip
checking if gcc supports -fno-rtti -fno-exceptions... no
checking for gcc option to produce PIC... -fPIC
checking if gcc PIC flag -fPIC works... yes
checking if gcc static flag -static works... yes
checking if gcc supports -c -o file.o... yes
checking whether the gcc linker (/usr/i486-slackware-linux/bin/ld) supports shared libraries... yes
checking whether -lc should be explicitly linked in... no
checking dynamic linker characteristics... GNU/Linux ld.so
checking how to hardcode library paths into programs... immediate
checking whether stripping libraries is possible... yes
checking if libtool supports shared libraries... yes
checking whether to build shared libraries... yes
checking whether to build static libraries... yes
configure: creating libtool
appending configuration tag "CXX" to libtool
checking for ld used by g++... /usr/i486-slackware-linux/bin/ld
checking if the linker (/usr/i486-slackware-linux/bin/ld) is GNU ld... yes
checking whether the g++ linker (/usr/i486-slackware-linux/bin/ld) supports shared libraries... yes
checking for g++ option to produce PIC... -fPIC
checking if g++ PIC flag -fPIC works... yes
checking if g++ static flag -static works... yes
checking if g++ supports -c -o file.o... yes
checking whether the g++ linker (/usr/i486-slackware-linux/bin/ld) supports shared libraries... yes
checking dynamic linker characteristics... GNU/Linux ld.so
checking how to hardcode library paths into programs... immediate
appending configuration tag "F77" to libtool
checking if libtool supports shared libraries... yes
checking whether to build shared libraries... yes
checking whether to build static libraries... yes
checking for g77 option to produce PIC... -fPIC
checking if g77 PIC flag -fPIC works... yes
checking if g77 static flag -static works... yes
checking if g77 supports -c -o file.o... yes
checking whether the g77 linker (/usr/i486-slackware-linux/bin/ld) supports shared libraries... yes
checking dynamic linker characteristics... GNU/Linux ld.so
checking how to hardcode library paths into programs... immediate
checking whether ln -s works... yes
checking whether make sets $(MAKE)... (cached) yes
checking for X... libraries /usr/X11/lib, headers 
checking for ANSI C header files... (cached) yes
checking errno.h usability... yes
checking errno.h presence... yes
checking for errno.h... yes
checking limits.h usability... yes
checking limits.h presence... yes
checking for limits.h... yes
checking stddef.h usability... yes
checking stddef.h presence... yes
checking for stddef.h... yes
checking for stdlib.h... (cached) yes
checking for string.h... (cached) yes
checking for unistd.h... (cached) yes
checking for ld used by GCC... /usr/i486-slackware-linux/bin/ld
checking if the linker (/usr/i486-slackware-linux/bin/ld) is GNU ld... yes
checking for shared library run path origin... done
checking for iconv... yes
checking for iconv declaration... 
         extern size_t iconv (iconv_t cd, char * *inbuf, size_t *inbytesleft, char * *outbuf, size_t *outbytesleft);
checking iconv.h usability... yes
checking iconv.h presence... yes
checking for iconv.h... yes
checking whether iconv.h defines iconv_t... yes
checking for sin... no
checking for sin in -lm... yes
checking for deflate in -lz... yes
checking for libpng12-config... /usr/bin/libpng12-config
checking for libpng-config... /usr/bin/libpng-config
checking png.h usability... yes
checking png.h presence... yes
checking for png.h... yes
checking for png_create_read_struct in -lpng12... yes
checking for freetype-config... /usr/bin/freetype-config
checking for FT_Init_FreeType in -lfreetype... yes
checking ft2build.h usability... yes
checking ft2build.h presence... yes
checking for ft2build.h... yes
checking for FcInit in -lfontconfig... yes
checking for jpeg_set_defaults in -ljpeg... yes
checking for XpmReadFileToXpmImage in -lXpm... yes
checking for the pthreads library -lpthreads... no
checking whether pthreads work without any flags... no
checking whether pthreads work with -Kthread... no
checking whether pthreads work with -kthread... no
checking for the pthreads library -llthread... no
checking whether pthreads work with -pthread... yes
checking for joinable pthread attribute... PTHREAD_CREATE_JOINABLE
checking if more special flags are required for pthreads... no

** Configuration summary for gd 2.0.34:

   Support for PNG library:          yes
   Support for JPEG library:         yes
   Support for Freetype 2.x library: yes
   Support for Fontconfig library:   yes
   Support for Xpm library:          yes
   Support for pthreads:             yes

configure: creating ./config.status
config.status: creating Makefile
config.status: creating config/Makefile
config.status: creating config/gdlib-config
config.status: creating test/Makefile
config.status: creating config.h
config.status: executing depfiles commands
cd . && /bin/sh /root/install/gd-2.0.34/config/missing --run autoheader
rm -f stamp-h1
touch config.hin
cd . && /bin/sh ./config.status config.h
config.status: creating config.h
config.status: config.h is unchanged
make  all-recursive
make[1]: Entering directory `/root/install/gd-2.0.34'
Making all in config
make[2]: Entering directory `/root/install/gd-2.0.34/config'
make[2]: Nothing to be done for `all'.
make[2]: Leaving directory `/root/install/gd-2.0.34/config'
Making all in test
make[2]: Entering directory `/root/install/gd-2.0.34/test'
make[2]: Nothing to be done for `all'.
make[2]: Leaving directory `/root/install/gd-2.0.34/test'
make[2]: Entering directory `/root/install/gd-2.0.34'
if /bin/sh ./libtool --tag=CC --mode=compile gcc -DHAVE_CONFIG_H -I. -I. -I.   -I/usr/include/freetype2   -g -O2 -MT gd.lo -MD -MP -MF ".deps/gd.Tpo" -c -o gd.lo gd.c; \
	then mv -f ".deps/gd.Tpo" ".deps/gd.Plo"; else rm -f ".deps/gd.Tpo"; exit 1; fi
mkdir .libs
 gcc -DHAVE_CONFIG_H -I. -I. -I. -I/usr/include/freetype2 -g -O2 -MT gd.lo -MD -MP -MF .deps/gd.Tpo -c gd.c  -fPIC -DPIC -o .libs/gd.o
 gcc -DHAVE_CONFIG_H -I. -I. -I. -I/usr/include/freetype2 -g -O2 -MT gd.lo -MD -MP -MF .deps/gd.Tpo -c gd.c -o gd.o >/dev/null 2>&1
if /bin/sh ./libtool --tag=CC --mode=compile gcc -DHAVE_CONFIG_H -I. -I. -I.   -I/usr/include/freetype2   -g -O2 -MT gdfx.lo -MD -MP -MF ".deps/gdfx.Tpo" -c -o gdfx.lo gdfx.c; \
	then mv -f ".deps/gdfx.Tpo" ".deps/gdfx.Plo"; else rm -f ".deps/gdfx.Tpo"; exit 1; fi
 gcc -DHAVE_CONFIG_H -I. -I. -I. -I/usr/include/freetype2 -g -O2 -MT gdfx.lo -MD -MP -MF .deps/gdfx.Tpo -c gdfx.c  -fPIC -DPIC -o .libs/gdfx.o
 gcc -DHAVE_CONFIG_H -I. -I. -I. -I/usr/include/freetype2 -g -O2 -MT gdfx.lo -MD -MP -MF .deps/gdfx.Tpo -c gdfx.c -o gdfx.o >/dev/null 2>&1
if /bin/sh ./libtool --tag=CC --mode=compile gcc -DHAVE_CONFIG_H -I. -I. -I.   -I/usr/include/freetype2   -g -O2 -MT gd_security.lo -MD -MP -MF ".deps/gd_security.Tpo" -c -o gd_security.lo gd_security.c; \
	then mv -f ".deps/gd_security.Tpo" ".deps/gd_security.Plo"; else rm -f ".deps/gd_security.Tpo"; exit 1; fi
 gcc -DHAVE_CONFIG_H -I. -I. -I. -I/usr/include/freetype2 -g -O2 -MT gd_security.lo -MD -MP -MF .deps/gd_security.Tpo -c gd_security.c  -fPIC -DPIC -o .libs/gd_security.o
 gcc -DHAVE_CONFIG_H -I. -I. -I. -I/usr/include/freetype2 -g -O2 -MT gd_security.lo -MD -MP -MF .deps/gd_security.Tpo -c gd_security.c -o gd_security.o >/dev/null 2>&1
if /bin/sh ./libtool --tag=CC --mode=compile gcc -DHAVE_CONFIG_H -I. -I. -I.   -I/usr/include/freetype2   -g -O2 -MT gd_gd.lo -MD -MP -MF ".deps/gd_gd.Tpo" -c -o gd_gd.lo gd_gd.c; \
	then mv -f ".deps/gd_gd.Tpo" ".deps/gd_gd.Plo"; else rm -f ".deps/gd_gd.Tpo"; exit 1; fi
 gcc -DHAVE_CONFIG_H -I. -I. -I. -I/usr/include/freetype2 -g -O2 -MT gd_gd.lo -MD -MP -MF .deps/gd_gd.Tpo -c gd_gd.c  -fPIC -DPIC -o .libs/gd_gd.o
 gcc -DHAVE_CONFIG_H -I. -I. -I. -I/usr/include/freetype2 -g -O2 -MT gd_gd.lo -MD -MP -MF .deps/gd_gd.Tpo -c gd_gd.c -o gd_gd.o >/dev/null 2>&1
if /bin/sh ./libtool --tag=CC --mode=compile gcc -DHAVE_CONFIG_H -I. -I. -I.   -I/usr/include/freetype2   -g -O2 -MT gd_gd2.lo -MD -MP -MF ".deps/gd_gd2.Tpo" -c -o gd_gd2.lo gd_gd2.c; \
	then mv -f ".deps/gd_gd2.Tpo" ".deps/gd_gd2.Plo"; else rm -f ".deps/gd_gd2.Tpo"; exit 1; fi
 gcc -DHAVE_CONFIG_H -I. -I. -I. -I/usr/include/freetype2 -g -O2 -MT gd_gd2.lo -MD -MP -MF .deps/gd_gd2.Tpo -c gd_gd2.c  -fPIC -DPIC -o .libs/gd_gd2.o
 gcc -DHAVE_CONFIG_H -I. -I. -I. -I/usr/include/freetype2 -g -O2 -MT gd_gd2.lo -MD -MP -MF .deps/gd_gd2.Tpo -c gd_gd2.c -o gd_gd2.o >/dev/null 2>&1
if /bin/sh ./libtool --tag=CC --mode=compile gcc -DHAVE_CONFIG_H -I. -I. -I.   -I/usr/include/freetype2   -g -O2 -MT gd_io.lo -MD -MP -MF ".deps/gd_io.Tpo" -c -o gd_io.lo gd_io.c; \
	then mv -f ".deps/gd_io.Tpo" ".deps/gd_io.Plo"; else rm -f ".deps/gd_io.Tpo"; exit 1; fi
 gcc -DHAVE_CONFIG_H -I. -I. -I. -I/usr/include/freetype2 -g -O2 -MT gd_io.lo -MD -MP -MF .deps/gd_io.Tpo -c gd_io.c  -fPIC -DPIC -o .libs/gd_io.o
 gcc -DHAVE_CONFIG_H -I. -I. -I. -I/usr/include/freetype2 -g -O2 -MT gd_io.lo -MD -MP -MF .deps/gd_io.Tpo -c gd_io.c -o gd_io.o >/dev/null 2>&1
if /bin/sh ./libtool --tag=CC --mode=compile gcc -DHAVE_CONFIG_H -I. -I. -I.   -I/usr/include/freetype2   -g -O2 -MT gd_io_dp.lo -MD -MP -MF ".deps/gd_io_dp.Tpo" -c -o gd_io_dp.lo gd_io_dp.c; \
	then mv -f ".deps/gd_io_dp.Tpo" ".deps/gd_io_dp.Plo"; else rm -f ".deps/gd_io_dp.Tpo"; exit 1; fi
 gcc -DHAVE_CONFIG_H -I. -I. -I. -I/usr/include/freetype2 -g -O2 -MT gd_io_dp.lo -MD -MP -MF .deps/gd_io_dp.Tpo -c gd_io_dp.c  -fPIC -DPIC -o .libs/gd_io_dp.o
 gcc -DHAVE_CONFIG_H -I. -I. -I. -I/usr/include/freetype2 -g -O2 -MT gd_io_dp.lo -MD -MP -MF .deps/gd_io_dp.Tpo -c gd_io_dp.c -o gd_io_dp.o >/dev/null 2>&1
if /bin/sh ./libtool --tag=CC --mode=compile gcc -DHAVE_CONFIG_H -I. -I. -I.   -I/usr/include/freetype2   -g -O2 -MT gd_gif_in.lo -MD -MP -MF ".deps/gd_gif_in.Tpo" -c -o gd_gif_in.lo gd_gif_in.c; \
	then mv -f ".deps/gd_gif_in.Tpo" ".deps/gd_gif_in.Plo"; else rm -f ".deps/gd_gif_in.Tpo"; exit 1; fi
 gcc -DHAVE_CONFIG_H -I. -I. -I. -I/usr/include/freetype2 -g -O2 -MT gd_gif_in.lo -MD -MP -MF .deps/gd_gif_in.Tpo -c gd_gif_in.c  -fPIC -DPIC -o .libs/gd_gif_in.o
 gcc -DHAVE_CONFIG_H -I. -I. -I. -I/usr/include/freetype2 -g -O2 -MT gd_gif_in.lo -MD -MP -MF .deps/gd_gif_in.Tpo -c gd_gif_in.c -o gd_gif_in.o >/dev/null 2>&1
if /bin/sh ./libtool --tag=CC --mode=compile gcc -DHAVE_CONFIG_H -I. -I. -I.   -I/usr/include/freetype2   -g -O2 -MT gd_gif_out.lo -MD -MP -MF ".deps/gd_gif_out.Tpo" -c -o gd_gif_out.lo gd_gif_out.c; \
	then mv -f ".deps/gd_gif_out.Tpo" ".deps/gd_gif_out.Plo"; else rm -f ".deps/gd_gif_out.Tpo"; exit 1; fi
 gcc -DHAVE_CONFIG_H -I. -I. -I. -I/usr/include/freetype2 -g -O2 -MT gd_gif_out.lo -MD -MP -MF .deps/gd_gif_out.Tpo -c gd_gif_out.c  -fPIC -DPIC -o .libs/gd_gif_out.o
 gcc -DHAVE_CONFIG_H -I. -I. -I. -I/usr/include/freetype2 -g -O2 -MT gd_gif_out.lo -MD -MP -MF .deps/gd_gif_out.Tpo -c gd_gif_out.c -o gd_gif_out.o >/dev/null 2>&1
if /bin/sh ./libtool --tag=CC --mode=compile gcc -DHAVE_CONFIG_H -I. -I. -I.   -I/usr/include/freetype2   -g -O2 -MT gd_io_file.lo -MD -MP -MF ".deps/gd_io_file.Tpo" -c -o gd_io_file.lo gd_io_file.c; \
	then mv -f ".deps/gd_io_file.Tpo" ".deps/gd_io_file.Plo"; else rm -f ".deps/gd_io_file.Tpo"; exit 1; fi
 gcc -DHAVE_CONFIG_H -I. -I. -I. -I/usr/include/freetype2 -g -O2 -MT gd_io_file.lo -MD -MP -MF .deps/gd_io_file.Tpo -c gd_io_file.c  -fPIC -DPIC -o .libs/gd_io_file.o
 gcc -DHAVE_CONFIG_H -I. -I. -I. -I/usr/include/freetype2 -g -O2 -MT gd_io_file.lo -MD -MP -MF .deps/gd_io_file.Tpo -c gd_io_file.c -o gd_io_file.o >/dev/null 2>&1
if /bin/sh ./libtool --tag=CC --mode=compile gcc -DHAVE_CONFIG_H -I. -I. -I.   -I/usr/include/freetype2   -g -O2 -MT gd_io_ss.lo -MD -MP -MF ".deps/gd_io_ss.Tpo" -c -o gd_io_ss.lo gd_io_ss.c; \
	then mv -f ".deps/gd_io_ss.Tpo" ".deps/gd_io_ss.Plo"; else rm -f ".deps/gd_io_ss.Tpo"; exit 1; fi
 gcc -DHAVE_CONFIG_H -I. -I. -I. -I/usr/include/freetype2 -g -O2 -MT gd_io_ss.lo -MD -MP -MF .deps/gd_io_ss.Tpo -c gd_io_ss.c  -fPIC -DPIC -o .libs/gd_io_ss.o
 gcc -DHAVE_CONFIG_H -I. -I. -I. -I/usr/include/freetype2 -g -O2 -MT gd_io_ss.lo -MD -MP -MF .deps/gd_io_ss.Tpo -c gd_io_ss.c -o gd_io_ss.o >/dev/null 2>&1
if /bin/sh ./libtool --tag=CC --mode=compile gcc -DHAVE_CONFIG_H -I. -I. -I.   -I/usr/include/freetype2   -g -O2 -MT gd_jpeg.lo -MD -MP -MF ".deps/gd_jpeg.Tpo" -c -o gd_jpeg.lo gd_jpeg.c; \
	then mv -f ".deps/gd_jpeg.Tpo" ".deps/gd_jpeg.Plo"; else rm -f ".deps/gd_jpeg.Tpo"; exit 1; fi
 gcc -DHAVE_CONFIG_H -I. -I. -I. -I/usr/include/freetype2 -g -O2 -MT gd_jpeg.lo -MD -MP -MF .deps/gd_jpeg.Tpo -c gd_jpeg.c  -fPIC -DPIC -o .libs/gd_jpeg.o
 gcc -DHAVE_CONFIG_H -I. -I. -I. -I/usr/include/freetype2 -g -O2 -MT gd_jpeg.lo -MD -MP -MF .deps/gd_jpeg.Tpo -c gd_jpeg.c -o gd_jpeg.o >/dev/null 2>&1
if /bin/sh ./libtool --tag=CC --mode=compile gcc -DHAVE_CONFIG_H -I. -I. -I.   -I/usr/include/freetype2   -g -O2 -MT gd_png.lo -MD -MP -MF ".deps/gd_png.Tpo" -c -o gd_png.lo gd_png.c; \
	then mv -f ".deps/gd_png.Tpo" ".deps/gd_png.Plo"; else rm -f ".deps/gd_png.Tpo"; exit 1; fi
 gcc -DHAVE_CONFIG_H -I. -I. -I. -I/usr/include/freetype2 -g -O2 -MT gd_png.lo -MD -MP -MF .deps/gd_png.Tpo -c gd_png.c  -fPIC -DPIC -o .libs/gd_png.o
 gcc -DHAVE_CONFIG_H -I. -I. -I. -I/usr/include/freetype2 -g -O2 -MT gd_png.lo -MD -MP -MF .deps/gd_png.Tpo -c gd_png.c -o gd_png.o >/dev/null 2>&1
if /bin/sh ./libtool --tag=CC --mode=compile gcc -DHAVE_CONFIG_H -I. -I. -I.   -I/usr/include/freetype2   -g -O2 -MT gd_ss.lo -MD -MP -MF ".deps/gd_ss.Tpo" -c -o gd_ss.lo gd_ss.c; \
	then mv -f ".deps/gd_ss.Tpo" ".deps/gd_ss.Plo"; else rm -f ".deps/gd_ss.Tpo"; exit 1; fi
 gcc -DHAVE_CONFIG_H -I. -I. -I. -I/usr/include/freetype2 -g -O2 -MT gd_ss.lo -MD -MP -MF .deps/gd_ss.Tpo -c gd_ss.c  -fPIC -DPIC -o .libs/gd_ss.o
 gcc -DHAVE_CONFIG_H -I. -I. -I. -I/usr/include/freetype2 -g -O2 -MT gd_ss.lo -MD -MP -MF .deps/gd_ss.Tpo -c gd_ss.c -o gd_ss.o >/dev/null 2>&1
if /bin/sh ./libtool --tag=CC --mode=compile gcc -DHAVE_CONFIG_H -I. -I. -I.   -I/usr/include/freetype2   -g -O2 -MT gd_topal.lo -MD -MP -MF ".deps/gd_topal.Tpo" -c -o gd_topal.lo gd_topal.c; \
	then mv -f ".deps/gd_topal.Tpo" ".deps/gd_topal.Plo"; else rm -f ".deps/gd_topal.Tpo"; exit 1; fi
 gcc -DHAVE_CONFIG_H -I. -I. -I. -I/usr/include/freetype2 -g -O2 -MT gd_topal.lo -MD -MP -MF .deps/gd_topal.Tpo -c gd_topal.c  -fPIC -DPIC -o .libs/gd_topal.o
 gcc -DHAVE_CONFIG_H -I. -I. -I. -I/usr/include/freetype2 -g -O2 -MT gd_topal.lo -MD -MP -MF .deps/gd_topal.Tpo -c gd_topal.c -o gd_topal.o >/dev/null 2>&1
if /bin/sh ./libtool --tag=CC --mode=compile gcc -DHAVE_CONFIG_H -I. -I. -I.   -I/usr/include/freetype2   -g -O2 -MT gd_wbmp.lo -MD -MP -MF ".deps/gd_wbmp.Tpo" -c -o gd_wbmp.lo gd_wbmp.c; \
	then mv -f ".deps/gd_wbmp.Tpo" ".deps/gd_wbmp.Plo"; else rm -f ".deps/gd_wbmp.Tpo"; exit 1; fi
 gcc -DHAVE_CONFIG_H -I. -I. -I. -I/usr/include/freetype2 -g -O2 -MT gd_wbmp.lo -MD -MP -MF .deps/gd_wbmp.Tpo -c gd_wbmp.c  -fPIC -DPIC -o .libs/gd_wbmp.o
 gcc -DHAVE_CONFIG_H -I. -I. -I. -I/usr/include/freetype2 -g -O2 -MT gd_wbmp.lo -MD -MP -MF .deps/gd_wbmp.Tpo -c gd_wbmp.c -o gd_wbmp.o >/dev/null 2>&1
if /bin/sh ./libtool --tag=CC --mode=compile gcc -DHAVE_CONFIG_H -I. -I. -I.   -I/usr/include/freetype2   -g -O2 -MT gdcache.lo -MD -MP -MF ".deps/gdcache.Tpo" -c -o gdcache.lo gdcache.c; \
	then mv -f ".deps/gdcache.Tpo" ".deps/gdcache.Plo"; else rm -f ".deps/gdcache.Tpo"; exit 1; fi
 gcc -DHAVE_CONFIG_H -I. -I. -I. -I/usr/include/freetype2 -g -O2 -MT gdcache.lo -MD -MP -MF .deps/gdcache.Tpo -c gdcache.c  -fPIC -DPIC -o .libs/gdcache.o
 gcc -DHAVE_CONFIG_H -I. -I. -I. -I/usr/include/freetype2 -g -O2 -MT gdcache.lo -MD -MP -MF .deps/gdcache.Tpo -c gdcache.c -o gdcache.o >/dev/null 2>&1
if /bin/sh ./libtool --tag=CC --mode=compile gcc -DHAVE_CONFIG_H -I. -I. -I.   -I/usr/include/freetype2   -g -O2 -MT gdfontg.lo -MD -MP -MF ".deps/gdfontg.Tpo" -c -o gdfontg.lo gdfontg.c; \
	then mv -f ".deps/gdfontg.Tpo" ".deps/gdfontg.Plo"; else rm -f ".deps/gdfontg.Tpo"; exit 1; fi
 gcc -DHAVE_CONFIG_H -I. -I. -I. -I/usr/include/freetype2 -g -O2 -MT gdfontg.lo -MD -MP -MF .deps/gdfontg.Tpo -c gdfontg.c  -fPIC -DPIC -o .libs/gdfontg.o
 gcc -DHAVE_CONFIG_H -I. -I. -I. -I/usr/include/freetype2 -g -O2 -MT gdfontg.lo -MD -MP -MF .deps/gdfontg.Tpo -c gdfontg.c -o gdfontg.o >/dev/null 2>&1
if /bin/sh ./libtool --tag=CC --mode=compile gcc -DHAVE_CONFIG_H -I. -I. -I.   -I/usr/include/freetype2   -g -O2 -MT gdfontl.lo -MD -MP -MF ".deps/gdfontl.Tpo" -c -o gdfontl.lo gdfontl.c; \
	then mv -f ".deps/gdfontl.Tpo" ".deps/gdfontl.Plo"; else rm -f ".deps/gdfontl.Tpo"; exit 1; fi
 gcc -DHAVE_CONFIG_H -I. -I. -I. -I/usr/include/freetype2 -g -O2 -MT gdfontl.lo -MD -MP -MF .deps/gdfontl.Tpo -c gdfontl.c  -fPIC -DPIC -o .libs/gdfontl.o
 gcc -DHAVE_CONFIG_H -I. -I. -I. -I/usr/include/freetype2 -g -O2 -MT gdfontl.lo -MD -MP -MF .deps/gdfontl.Tpo -c gdfontl.c -o gdfontl.o >/dev/null 2>&1
if /bin/sh ./libtool --tag=CC --mode=compile gcc -DHAVE_CONFIG_H -I. -I. -I.   -I/usr/include/freetype2   -g -O2 -MT gdfontmb.lo -MD -MP -MF ".deps/gdfontmb.Tpo" -c -o gdfontmb.lo gdfontmb.c; \
	then mv -f ".deps/gdfontmb.Tpo" ".deps/gdfontmb.Plo"; else rm -f ".deps/gdfontmb.Tpo"; exit 1; fi
 gcc -DHAVE_CONFIG_H -I. -I. -I. -I/usr/include/freetype2 -g -O2 -MT gdfontmb.lo -MD -MP -MF .deps/gdfontmb.Tpo -c gdfontmb.c  -fPIC -DPIC -o .libs/gdfontmb.o
 gcc -DHAVE_CONFIG_H -I. -I. -I. -I/usr/include/freetype2 -g -O2 -MT gdfontmb.lo -MD -MP -MF .deps/gdfontmb.Tpo -c gdfontmb.c -o gdfontmb.o >/dev/null 2>&1
if /bin/sh ./libtool --tag=CC --mode=compile gcc -DHAVE_CONFIG_H -I. -I. -I.   -I/usr/include/freetype2   -g -O2 -MT gdfonts.lo -MD -MP -MF ".deps/gdfonts.Tpo" -c -o gdfonts.lo gdfonts.c; \
	then mv -f ".deps/gdfonts.Tpo" ".deps/gdfonts.Plo"; else rm -f ".deps/gdfonts.Tpo"; exit 1; fi
 gcc -DHAVE_CONFIG_H -I. -I. -I. -I/usr/include/freetype2 -g -O2 -MT gdfonts.lo -MD -MP -MF .deps/gdfonts.Tpo -c gdfonts.c  -fPIC -DPIC -o .libs/gdfonts.o
 gcc -DHAVE_CONFIG_H -I. -I. -I. -I/usr/include/freetype2 -g -O2 -MT gdfonts.lo -MD -MP -MF .deps/gdfonts.Tpo -c gdfonts.c -o gdfonts.o >/dev/null 2>&1
if /bin/sh ./libtool --tag=CC --mode=compile gcc -DHAVE_CONFIG_H -I. -I. -I.   -I/usr/include/freetype2   -g -O2 -MT gdfontt.lo -MD -MP -MF ".deps/gdfontt.Tpo" -c -o gdfontt.lo gdfontt.c; \
	then mv -f ".deps/gdfontt.Tpo" ".deps/gdfontt.Plo"; else rm -f ".deps/gdfontt.Tpo"; exit 1; fi
 gcc -DHAVE_CONFIG_H -I. -I. -I. -I/usr/include/freetype2 -g -O2 -MT gdfontt.lo -MD -MP -MF .deps/gdfontt.Tpo -c gdfontt.c  -fPIC -DPIC -o .libs/gdfontt.o
 gcc -DHAVE_CONFIG_H -I. -I. -I. -I/usr/include/freetype2 -g -O2 -MT gdfontt.lo -MD -MP -MF .deps/gdfontt.Tpo -c gdfontt.c -o gdfontt.o >/dev/null 2>&1
if /bin/sh ./libtool --tag=CC --mode=compile gcc -DHAVE_CONFIG_H -I. -I. -I.   -I/usr/include/freetype2   -g -O2 -MT gdft.lo -MD -MP -MF ".deps/gdft.Tpo" -c -o gdft.lo gdft.c; \
	then mv -f ".deps/gdft.Tpo" ".deps/gdft.Plo"; else rm -f ".deps/gdft.Tpo"; exit 1; fi
 gcc -DHAVE_CONFIG_H -I. -I. -I. -I/usr/include/freetype2 -g -O2 -MT gdft.lo -MD -MP -MF .deps/gdft.Tpo -c gdft.c  -fPIC -DPIC -o .libs/gdft.o
gdft.c:1401:35: fontconfig/fontconfig.h: No such file or directory
gdft.c:1464: error: syntax error before '*' token
gdft.c:1464: error: syntax error before '*' token
gdft.c: In function `find_font':
gdft.c:1466: error: `FcResult' undeclared (first use in this function)
gdft.c:1466: error: (Each undeclared identifier is reported only once
gdft.c:1466: error: for each function it appears in.)
gdft.c:1466: error: syntax error before "result"
gdft.c:1468: error: `pattern' undeclared (first use in this function)
gdft.c:1468: error: `FcMatchPattern' undeclared (first use in this function)
gdft.c:1469: error: `FcMatchFont' undeclared (first use in this function)
gdft.c:1472: error: `result' undeclared (first use in this function)
gdft.c:1472: warning: return makes pointer from integer without a cast
gdft.c: At top level:
gdft.c:1477: error: syntax error before '*' token
gdft.c: In function `find_postscript_font':
gdft.c:1479: error: `FcPattern' undeclared (first use in this function)
gdft.c:1479: error: `font' undeclared (first use in this function)
gdft.c:1482: error: `fontpattern' undeclared (first use in this function)
gdft.c:1484: error: `fontname' undeclared (first use in this function)
gdft.c:1485: error: `FcChar8' undeclared (first use in this function)
gdft.c:1485: error: `family' undeclared (first use in this function)
gdft.c:1487: error: `pattern' undeclared (first use in this function)
gdft.c:1489: error: `FC_FAMILY' undeclared (first use in this function)
gdft.c:1489: error: `FcTypeString' undeclared (first use in this function)
gdft.c:1490: error: `FC_STYLE' undeclared (first use in this function)
gdft.c:1495: error: `FcResultMatch' undeclared (first use in this function)
gdft.c: In function `font_pattern':
gdft.c:1514: error: `FcPattern' undeclared (first use in this function)
gdft.c:1514: error: `font' undeclared (first use in this function)
gdft.c:1515: error: `FcChar8' undeclared (first use in this function)
gdft.c:1515: error: `file' undeclared (first use in this function)
gdft.c:1516: error: `pattern' undeclared (first use in this function)
gdft.c:1529: error: syntax error before "FcChar8"
gdft.c:1536: error: `FC_FILE' undeclared (first use in this function)
gdft.c:1536: error: `FcResultMatch' undeclared (first use in this function)
make[2]: Leaving directory `/root/install/gd-2.0.34'
make[2]: *** [gdft.lo] Error 1
make[1]: *** [all-recursive] Error 1
make[1]: Leaving directory `/root/install/gd-2.0.34'
make: *** [all] Error 2
## final funcconfgd ##
## inicio funcconfmrtg ##
## declarando variavies ##
## criando diretorio de instalacao e copiando arquivos fonte
## instalando mrtg
mrtg-2.15.1/THANKS
mrtg-2.15.1/CHANGES
mrtg-2.15.1/COPYING
mrtg-2.15.1/COPYRIGHT
mrtg-2.15.1/README
mrtg-2.15.1/MANIFEST
mrtg-2.15.1/Makefile.in
mrtg-2.15.1/Makefile.Win32
mrtg-2.15.1/Makefile.NetWare
mrtg-2.15.1/get_ver.awk
mrtg-2.15.1/configure
mrtg-2.15.1/config.h.in
mrtg-2.15.1/install-sh
mrtg-2.15.1/mkinstalldirs
mrtg-2.15.1/configure.in
mrtg-2.15.1/install-sh
mrtg-2.15.1/images/
mrtg-2.15.1/images/favicon.ico
mrtg-2.15.1/images/mrtg-l.png
mrtg-2.15.1/images/mrtg-ti.gif
mrtg-2.15.1/images/mrtg-r.gif
mrtg-2.15.1/images/mrtg-m.png
mrtg-2.15.1/images/mrtg-l.gif
mrtg-2.15.1/images/mrtg-ti.png
mrtg-2.15.1/images/mrtg-r.png
mrtg-2.15.1/images/mrtg-m.gif
mrtg-2.15.1/lib/mrtg2/BER.pm
mrtg-2.15.1/lib/mrtg2/SNMP_Session.pm
mrtg-2.15.1/lib/mrtg2/SNMP_util.pm
mrtg-2.15.1/lib/mrtg2/MRTG_lib.pm
mrtg-2.15.1/lib/mrtg2/Net_SNMP_util.pm
mrtg-2.15.1/lib/mrtg2/locales_mrtg.pm
mrtg-2.15.1/bin/cfgmaker
mrtg-2.15.1/bin/indexmaker
mrtg-2.15.1/bin/mrtg
mrtg-2.15.1/bin/mrtg-traffic-sum
mrtg-2.15.1/lib/mrtg2/Pod/InputObjects.pm
mrtg-2.15.1/lib/mrtg2/Pod/Parser.pm
mrtg-2.15.1/lib/mrtg2/Pod/PlainText.pm
mrtg-2.15.1/lib/mrtg2/Pod/Select.pm
mrtg-2.15.1/lib/mrtg2/Pod/Usage.pm
mrtg-2.15.1/src/rateup.c
mrtg-2.15.1/src/strftime.c
mrtg-2.15.1/src/strftime.h
mrtg-2.15.1/translate/
mrtg-2.15.1/translate/croatian.pmd
mrtg-2.15.1/translate/ukrainian1251.pmd
mrtg-2.15.1/translate/german.pmd.backup
mrtg-2.15.1/translate/french.pmd
mrtg-2.15.1/translate/indonesia.pmd
mrtg-2.15.1/translate/galician.pmd
mrtg-2.15.1/translate/turkish.pmd
mrtg-2.15.1/translate/polish.pmd
mrtg-2.15.1/translate/mergelocale.pl
mrtg-2.15.1/translate/finnish.pmd
mrtg-2.15.1/translate/bulgarian.pmd
mrtg-2.15.1/translate/locales_mrtg.pm
mrtg-2.15.1/translate/slovenian.pmd
mrtg-2.15.1/translate/skeleton.pm0
mrtg-2.15.1/translate/dutch.pmd
mrtg-2.15.1/translate/german.pmd
mrtg-2.15.1/translate/catalan.pmd
mrtg-2.15.1/translate/serbian.pmd
mrtg-2.15.1/translate/malay.pmd
mrtg-2.15.1/translate/spanish.pmd
mrtg-2.15.1/translate/README
mrtg-2.15.1/translate/czech.pmd
mrtg-2.15.1/translate/greek.pmd
mrtg-2.15.1/translate/eucjp.pmd
mrtg-2.15.1/translate/chinese.pmd
mrtg-2.15.1/translate/fixer
mrtg-2.15.1/translate/italian.pmd
mrtg-2.15.1/translate/lithuanian.pmd
mrtg-2.15.1/translate/ukrainian.pmd
mrtg-2.15.1/translate/slovak.pmd
mrtg-2.15.1/translate/portuguese.pmd
mrtg-2.15.1/translate/russian.pmd
mrtg-2.15.1/translate/gb2312.pmd
mrtg-2.15.1/translate/iso2022jp.pmd
mrtg-2.15.1/translate/russian1251.pmd
mrtg-2.15.1/translate/big5.pmd
mrtg-2.15.1/translate/hungarian.pmd
mrtg-2.15.1/translate/romanian.pmd
mrtg-2.15.1/translate/gb.pmd
mrtg-2.15.1/translate/locales_mrtg.pm.rej
mrtg-2.15.1/translate/norwegian.pmd
mrtg-2.15.1/translate/danish.pmd
mrtg-2.15.1/translate/estonian.pmd
mrtg-2.15.1/translate/icelandic.pmd
mrtg-2.15.1/translate/cn.pmd
mrtg-2.15.1/translate/korean.pmd
mrtg-2.15.1/translate/macedonian.pmd
mrtg-2.15.1/translate/swedish.pmd
mrtg-2.15.1/translate/brazilian.pmd
mrtg-2.15.1/contrib/
mrtg-2.15.1/contrib/mrtg-dynip/
mrtg-2.15.1/contrib/mrtg-dynip/mrtg-dynip
mrtg-2.15.1/contrib/mrtg-dynip/Changes
mrtg-2.15.1/contrib/mrtg-dynip/FAQ
mrtg-2.15.1/contrib/mrtg-dynip/README
mrtg-2.15.1/contrib/mrtg-dynip/Install
mrtg-2.15.1/contrib/mrtg-dynip/TODO
mrtg-2.15.1/contrib/mrtg-dynip/mrtg-dynip-sydnet
mrtg-2.15.1/contrib/meminfo/
mrtg-2.15.1/contrib/meminfo/memory.pl
mrtg-2.15.1/contrib/meminfo/README
mrtg-2.15.1/contrib/accesslistmon/
mrtg-2.15.1/contrib/accesslistmon/examplescript
mrtg-2.15.1/contrib/accesslistmon/README
mrtg-2.15.1/contrib/accesslistmon/INSTALL
mrtg-2.15.1/contrib/accesslistmon/mrtg.cfg
mrtg-2.15.1/contrib/IxDisk/
mrtg-2.15.1/contrib/IxDisk/README
mrtg-2.15.1/contrib/IxDisk/ixdisk.pl
mrtg-2.15.1/contrib/IxDisk/ixdisk.cfg
mrtg-2.15.1/contrib/TCH/
mrtg-2.15.1/contrib/TCH/README
mrtg-2.15.1/contrib/TCH/hiperdsp.pl
mrtg-2.15.1/contrib/TCH/dualt1.pl
mrtg-2.15.1/contrib/TCH/mrtg.cfg
mrtg-2.15.1/contrib/TCH/dualpri.pl
mrtg-2.15.1/contrib/mrtg-ipacc/
mrtg-2.15.1/contrib/mrtg-ipacc/README
mrtg-2.15.1/contrib/mrtg-ipacc/ipfwadm-wrapper
mrtg-2.15.1/contrib/mrtg-ipacc/ipacc
mrtg-2.15.1/contrib/xlsummary/
mrtg-2.15.1/contrib/xlsummary/ReadMe.txt
mrtg-2.15.1/contrib/xlsummary/xlsummary.pl
mrtg-2.15.1/contrib/ircstats/
mrtg-2.15.1/contrib/ircstats/README
mrtg-2.15.1/contrib/ircstats/ircstats.pl
mrtg-2.15.1/contrib/nt_n_cisco/
mrtg-2.15.1/contrib/nt_n_cisco/builder.bat
mrtg-2.15.1/contrib/nt_n_cisco/nt_template.cfg
mrtg-2.15.1/contrib/nt_n_cisco/default.asp
mrtg-2.15.1/contrib/nt_n_cisco/cisco_devices_to_poll.txt
mrtg-2.15.1/contrib/nt_n_cisco/README
mrtg-2.15.1/contrib/nt_n_cisco/RUN_builder.bat
mrtg-2.15.1/contrib/nt_n_cisco/make_all_cisco_configs.bat
mrtg-2.15.1/contrib/nt_n_cisco/queryone.bat
mrtg-2.15.1/contrib/nt_n_cisco/RunCcfgs.cmd
mrtg-2.15.1/contrib/linux_stat/
mrtg-2.15.1/contrib/linux_stat/linux_stats.pl
mrtg-2.15.1/contrib/linux_stat/readme
mrtg-2.15.1/contrib/monitor/
mrtg-2.15.1/contrib/monitor/config.asp
mrtg-2.15.1/contrib/monitor/readme.txt
mrtg-2.15.1/contrib/monitor/monitor.html
mrtg-2.15.1/contrib/monitor/global.asa
mrtg-2.15.1/contrib/monitor/default.asp
mrtg-2.15.1/contrib/monitor/images/
mrtg-2.15.1/contrib/monitor/images/spacer.gif
mrtg-2.15.1/contrib/monitor/images/mrtg-ti.gif
mrtg-2.15.1/contrib/monitor/images/mrtg-r.gif
mrtg-2.15.1/contrib/monitor/images/msie.gif
mrtg-2.15.1/contrib/monitor/images/mrtg-l.gif
mrtg-2.15.1/contrib/monitor/images/msprod.gif
mrtg-2.15.1/contrib/monitor/images/mrtg-m.gif
mrtg-2.15.1/contrib/monitor/login.asp
mrtg-2.15.1/contrib/monitor/monitor.inc
mrtg-2.15.1/contrib/monitor/Monitor.mdb
mrtg-2.15.1/contrib/monitor/global/
mrtg-2.15.1/contrib/monitor/global/main.css
mrtg-2.15.1/contrib/nt-services/
mrtg-2.15.1/contrib/nt-services/5mrtg.reg
mrtg-2.15.1/contrib/nt-services/mrtg-etc.zip
mrtg-2.15.1/contrib/nt-services/install.cmd
mrtg-2.15.1/contrib/nt-services/README
mrtg-2.15.1/contrib/nt-services/5mrtg.exe
mrtg-2.15.1/contrib/cfgmaker_dlci/
mrtg-2.15.1/contrib/cfgmaker_dlci/cfgmaker_dlci
mrtg-2.15.1/contrib/get-equi/
mrtg-2.15.1/contrib/get-equi/get-equi.pl
mrtg-2.15.1/contrib/get-equi/README
mrtg-2.15.1/contrib/mrtgmk/
mrtg-2.15.1/contrib/mrtgmk/cfg/
mrtg-2.15.1/contrib/mrtgmk/cfg/page2.cfg
mrtg-2.15.1/contrib/mrtgmk/cfg/page2.html
mrtg-2.15.1/contrib/mrtgmk/cfg/alias.cfg
mrtg-2.15.1/contrib/mrtgmk/cfg/mrtg_cfg
mrtg-2.15.1/contrib/mrtgmk/cfg/links.cfg
mrtg-2.15.1/contrib/mrtgmk/cfg/192.168.10.1.cfg
mrtg-2.15.1/contrib/mrtgmk/cfg/today.html
mrtg-2.15.1/contrib/mrtgmk/cfg/page1.html
mrtg-2.15.1/contrib/mrtgmk/cfg/EXAMPLE1
mrtg-2.15.1/contrib/mrtgmk/cfg/misc.cfg
mrtg-2.15.1/contrib/mrtgmk/cfg/convert.cfg
mrtg-2.15.1/contrib/mrtgmk/cfg/a.cfg
mrtg-2.15.1/contrib/mrtgmk/cfg/mrtg.cfg
mrtg-2.15.1/contrib/mrtgmk/cfg/page1.cfg
mrtg-2.15.1/contrib/mrtgmk/cfg/hosts.cfg
mrtg-2.15.1/contrib/mrtgmk/smrtgmk
mrtg-2.15.1/contrib/mrtgmk/src/
mrtg-2.15.1/contrib/mrtgmk/src/parse.ftbl
mrtg-2.15.1/contrib/mrtgmk/src/mrtgmk.c
mrtg-2.15.1/contrib/mrtgmk/src/fnctn.c
mrtg-2.15.1/contrib/mrtgmk/src/defhost.c
mrtg-2.15.1/contrib/mrtgmk/src/parsen.ftbl
mrtg-2.15.1/contrib/mrtgmk/src/parse0.ftbl
mrtg-2.15.1/contrib/mrtgmk/src/vars.h
mrtg-2.15.1/contrib/mrtgmk/src/txtro.h
mrtg-2.15.1/contrib/mrtgmk/src/gif.c
mrtg-2.15.1/contrib/mrtgmk/src/html.c
mrtg-2.15.1/contrib/mrtgmk/src/parse0.c
mrtg-2.15.1/contrib/mrtgmk/src/util.c
mrtg-2.15.1/contrib/mrtgmk/src/mkm
mrtg-2.15.1/contrib/mrtgmk/src/txte.h
mrtg-2.15.1/contrib/mrtgmk/src/alias.c
mrtg-2.15.1/contrib/mrtgmk/src/parsen.c
mrtg-2.15.1/contrib/mrtgmk/src/parse.c
mrtg-2.15.1/contrib/mrtgmk/src/fnct0.c
mrtg-2.15.1/contrib/mrtgmk/doc/
mrtg-2.15.1/contrib/mrtgmk/doc/commands
mrtg-2.15.1/contrib/mrtgmk/doc/readme.1st
mrtg-2.15.1/contrib/mrtgmk/readme.1st
mrtg-2.15.1/contrib/mrtgindex.cgi/
mrtg-2.15.1/contrib/mrtgindex.cgi/mrtgindx.cgi.orig
mrtg-2.15.1/contrib/mrtgindex.cgi/README
mrtg-2.15.1/contrib/mrtgindex.cgi/mrtgindx.cgi.rej
mrtg-2.15.1/contrib/mrtgindex.cgi/mrtgindx.cgi
mrtg-2.15.1/contrib/atmmaker/
mrtg-2.15.1/contrib/atmmaker/atmmaker
mrtg-2.15.1/contrib/rdlog2/
mrtg-2.15.1/contrib/rdlog2/rdlog2.c
mrtg-2.15.1/contrib/rdlog2/wan.fig
mrtg-2.15.1/contrib/rdlog2/readme.html
mrtg-2.15.1/contrib/cfgmaker_ATM/
mrtg-2.15.1/contrib/cfgmaker_ATM/README
mrtg-2.15.1/contrib/cfgmaker_ATM/cfgmaker_atm.pl
mrtg-2.15.1/contrib/mrtg-ipget/
mrtg-2.15.1/contrib/mrtg-ipget/README
mrtg-2.15.1/contrib/mrtg-ipget/mrtg-ipget.patch
mrtg-2.15.1/contrib/mrtg.php/
mrtg-2.15.1/contrib/mrtg.php/mrtg.php
mrtg-2.15.1/contrib/mrtg.php/README.txt
mrtg-2.15.1/contrib/TotalControlModem/
mrtg-2.15.1/contrib/TotalControlModem/example.txt
mrtg-2.15.1/contrib/cfgmaker_cisco/
mrtg-2.15.1/contrib/cfgmaker_cisco/cfgmaker.cisco
mrtg-2.15.1/contrib/cfgmaker_cisco/README
mrtg-2.15.1/contrib/mrtg_php_portal/
mrtg-2.15.1/contrib/mrtg_php_portal/update.pl
mrtg-2.15.1/contrib/mrtg_php_portal/readme.txt
mrtg-2.15.1/contrib/mrtg_php_portal/conf/
mrtg-2.15.1/contrib/mrtg_php_portal/conf/config.inc.php
mrtg-2.15.1/contrib/mrtg_php_portal/www/
mrtg-2.15.1/contrib/mrtg_php_portal/www/index.php
mrtg-2.15.1/contrib/mrtg_php_portal/www/admin.php
mrtg-2.15.1/contrib/mrtg_php_portal/www/setup.php
mrtg-2.15.1/contrib/mrtg_php_portal/www/remove.php
mrtg-2.15.1/contrib/mrtg_php_portal/www/login.php
mrtg-2.15.1/contrib/mrtg_php_portal/www/update.php
mrtg-2.15.1/contrib/TTrafic/
mrtg-2.15.1/contrib/TTrafic/readme.txt
mrtg-2.15.1/contrib/TTrafic/gpl.txt
mrtg-2.15.1/contrib/TTrafic/TTraffic.asp
mrtg-2.15.1/contrib/get-multiserial/
mrtg-2.15.1/contrib/get-multiserial/get-modems.pl
mrtg-2.15.1/contrib/get-multiserial/get-modems-remote.pl
mrtg-2.15.1/contrib/00INDEX
mrtg-2.15.1/contrib/cisco_ipaccounting/
mrtg-2.15.1/contrib/cisco_ipaccounting/CHANGELOG
mrtg-2.15.1/contrib/cisco_ipaccounting/README
mrtg-2.15.1/contrib/cisco_ipaccounting/cisco_ip_acc_collect.pl
mrtg-2.15.1/contrib/cisco_ipaccounting/networks
mrtg-2.15.1/contrib/cisco_ipaccounting/TODO
mrtg-2.15.1/contrib/net-hosts/
mrtg-2.15.1/contrib/net-hosts/make-mrtg.cfg.awk
mrtg-2.15.1/contrib/net-hosts/internet
mrtg-2.15.1/contrib/net-hosts/README
mrtg-2.15.1/contrib/net-hosts/net-hosts
mrtg-2.15.1/contrib/net-hosts/redball.gif
mrtg-2.15.1/contrib/net-hosts/grnball.gif
mrtg-2.15.1/contrib/net-hosts/net-hosts.css
mrtg-2.15.1/contrib/net-hosts/cubprev.gif
mrtg-2.15.1/contrib/cpuinfo/
mrtg-2.15.1/contrib/cpuinfo/cpuinfo.pl
mrtg-2.15.1/contrib/cpuinfo/README
mrtg-2.15.1/contrib/cpuinfo/sample.cfg
mrtg-2.15.1/contrib/cisco_tftp/
mrtg-2.15.1/contrib/cisco_tftp/scarfconf.pl
mrtg-2.15.1/contrib/mrtgidx/
mrtg-2.15.1/contrib/mrtgidx/mrtgidx
mrtg-2.15.1/contrib/stfc/
mrtg-2.15.1/contrib/stfc/README
mrtg-2.15.1/contrib/stfc/stfc
mrtg-2.15.1/contrib/iptables-accounting/
mrtg-2.15.1/contrib/iptables-accounting/README
mrtg-2.15.1/contrib/iptables-accounting/iptables-accounting
mrtg-2.15.1/contrib/ipchains/
mrtg-2.15.1/contrib/ipchains/README
mrtg-2.15.1/contrib/ipchains/ipchainacc.rules
mrtg-2.15.1/contrib/ipchains/ipchainacc
mrtg-2.15.1/contrib/mrtg-startup-script/
mrtg-2.15.1/contrib/mrtg-startup-script/README
mrtg-2.15.1/contrib/mrtg-startup-script/mrtg
mrtg-2.15.1/contrib/mrtg-archiver/
mrtg-2.15.1/contrib/mrtg-archiver/README
mrtg-2.15.1/contrib/mrtg-archiver/backup.pl
mrtg-2.15.1/contrib/mrtg-archiver/mrtg.archive.conf
mrtg-2.15.1/contrib/mrtg-archiver/mrtg.archive.pl
mrtg-2.15.1/contrib/stat/
mrtg-2.15.1/contrib/stat/dns.named
mrtg-2.15.1/contrib/stat/dns_mrtg
mrtg-2.15.1/contrib/stat/README
mrtg-2.15.1/contrib/stat/stat.pl
mrtg-2.15.1/contrib/stat/mrtg.cfg
mrtg-2.15.1/contrib/iptables_acc/
mrtg-2.15.1/contrib/iptables_acc/README
mrtg-2.15.1/contrib/iptables_acc/iptables_acc
mrtg-2.15.1/contrib/diskmon/
mrtg-2.15.1/contrib/diskmon/getdisk.pl
mrtg-2.15.1/contrib/diskmon/README
mrtg-2.15.1/contrib/diskmon/showdisk.pl
mrtg-2.15.1/contrib/diskmon/sample.cfg
mrtg-2.15.1/contrib/mrtglog/
mrtg-2.15.1/contrib/mrtglog/mrtglog.h
mrtg-2.15.1/contrib/mrtglog/README
mrtg-2.15.1/contrib/mrtglog/mrtglog.c
mrtg-2.15.1/contrib/ping-probe/
mrtg-2.15.1/contrib/ping-probe/README
mrtg-2.15.1/contrib/ciscoindex/
mrtg-2.15.1/contrib/ciscoindex/ciscoindex.pl
mrtg-2.15.1/contrib/ciscoindex/README
mrtg-2.15.1/contrib/get-active/
mrtg-2.15.1/contrib/get-active/README
mrtg-2.15.1/contrib/get-active/get-active2.pl
mrtg-2.15.1/contrib/get-active/get-active.pl
mrtg-2.15.1/contrib/gentcucci-1.0.0/
mrtg-2.15.1/contrib/gentcucci-1.0.0/mrtg_autorun
mrtg-2.15.1/contrib/gentcucci-1.0.0/README
mrtg-2.15.1/contrib/gentcucci-1.0.0/gwcs.list
mrtg-2.15.1/contrib/gentcucci-1.0.0/tcnowtemp
mrtg-2.15.1/contrib/gentcucci-1.0.0/nmcs.list
mrtg-2.15.1/contrib/gentcucci-1.0.0/tcnowstat
mrtg-2.15.1/contrib/gentcucci-1.0.0/gentcucci
mrtg-2.15.1/contrib/GetSNMPLinesUP/
mrtg-2.15.1/contrib/GetSNMPLinesUP/Makefile
mrtg-2.15.1/contrib/GetSNMPLinesUP/README
mrtg-2.15.1/contrib/GetSNMPLinesUP/COPYRIGHT
mrtg-2.15.1/contrib/GetSNMPLinesUP/ModemTable.dial-machine
mrtg-2.15.1/contrib/GetSNMPLinesUP/INSTALL
mrtg-2.15.1/contrib/GetSNMPLinesUP/GetSNMPLinesUP.pl
mrtg-2.15.1/contrib/GetSNMPLinesUP/COPYING
mrtg-2.15.1/contrib/GetSNMPLinesUP/sample.cfg
mrtg-2.15.1/contrib/jm/
mrtg-2.15.1/contrib/jm/mrtg-jm.tar.gz
mrtg-2.15.1/contrib/jm/README
mrtg-2.15.1/contrib/jm/news-mrtg.pl
mrtg-2.15.1/contrib/jm/quake-mrtg.pl
mrtg-2.15.1/contrib/jm/finger-mrtg.pl
mrtg-2.15.1/contrib/PMLines/
mrtg-2.15.1/contrib/PMLines/PMLines.pl
mrtg-2.15.1/contrib/PMLines/README
mrtg-2.15.1/contrib/PMLines/mrtg.cfg-demo
mrtg-2.15.1/contrib/mrtg-archiver-script/
mrtg-2.15.1/contrib/mrtg-archiver-script/to-crontab
mrtg-2.15.1/contrib/mrtg-archiver-script/index.html
mrtg-2.15.1/contrib/mrtg-archiver-script/README
mrtg-2.15.1/contrib/mrtg-archiver-script/mrtg-archiver
mrtg-2.15.1/contrib/mrtg-archiver-script/mrtgnav
mrtg-2.15.1/contrib/ircstats2/
mrtg-2.15.1/contrib/ircstats2/crontab.script
mrtg-2.15.1/contrib/ircstats2/ircstats2.pl
mrtg-2.15.1/contrib/ircstats2/README
mrtg-2.15.1/contrib/ircstats2/example.cf
mrtg-2.15.1/contrib/mrtg-mail/
mrtg-2.15.1/contrib/mrtg-mail/inetd.conf-dist
mrtg-2.15.1/contrib/mrtg-mail/mailstats-alternate
mrtg-2.15.1/contrib/mrtg-mail/mqueue
mrtg-2.15.1/contrib/mrtg-mail/mailstats-horowitz
mrtg-2.15.1/contrib/mrtg-mail/README
mrtg-2.15.1/contrib/mrtg-mail/mailstats.cfg
mrtg-2.15.1/contrib/mrtg-mail/smtp-stats
mrtg-2.15.1/contrib/mrtg-mail/mailstats
mrtg-2.15.1/contrib/mrtg-mail/services-dist
mrtg-2.15.1/contrib/mrtg-mail/mqueue.cfg
mrtg-2.15.1/contrib/NSI/
mrtg-2.15.1/contrib/NSI/Mrtg_nsi.cfg
mrtg-2.15.1/contrib/NSI/mrtg-nsi-msg.txt
mrtg-2.15.1/contrib/NSI/Mrtg_nsi
mrtg-2.15.1/contrib/adm-mrtg/
mrtg-2.15.1/contrib/adm-mrtg/adm-mrtg
mrtg-2.15.1/contrib/adm-mrtg/adm-mrtg.README
mrtg-2.15.1/contrib/switchmaker/
mrtg-2.15.1/contrib/switchmaker/README
mrtg-2.15.1/contrib/switchmaker/switchmaker
mrtg-2.15.1/contrib/cpumon/
mrtg-2.15.1/contrib/cpumon/cpumon.pl
mrtg-2.15.1/contrib/cpumon/README
mrtg-2.15.1/contrib/14all/
mrtg-2.15.1/contrib/14all/README
mrtg-2.15.1/contrib/snmpping/
mrtg-2.15.1/contrib/snmpping/README
mrtg-2.15.1/contrib/snmpping/snmpping.pl
mrtg-2.15.1/contrib/routers/
mrtg-2.15.1/contrib/routers/README
mrtg-2.15.1/contrib/portmasters/
mrtg-2.15.1/contrib/portmasters/gather
mrtg-2.15.1/contrib/portmasters/README
mrtg-2.15.1/contrib/portmasters/portm.cfg
mrtg-2.15.1/contrib/distrib/
mrtg-2.15.1/contrib/distrib/readme.txt
mrtg-2.15.1/contrib/distrib/distrib.c
mrtg-2.15.1/contrib/distrib/distrib.pl
mrtg-2.15.1/contrib/ascendget/
mrtg-2.15.1/contrib/ascendget/ascendget
mrtg-2.15.1/contrib/apc_ups/
mrtg-2.15.1/contrib/apc_ups/upsdata01.pl
mrtg-2.15.1/contrib/apc_ups/README
mrtg-2.15.1/contrib/apc_ups/ups.cfg
mrtg-2.15.1/contrib/mrtgrq/
mrtg-2.15.1/contrib/mrtgrq/make-mrtg.cfg.awk
mrtg-2.15.1/contrib/mrtgrq/README
mrtg-2.15.1/contrib/mrtgrq/mrtgrq.css
mrtg-2.15.1/contrib/mrtgrq/redball.gif
mrtg-2.15.1/contrib/mrtgrq/Net-Telnet-3.02.tar.gz
mrtg-2.15.1/contrib/mrtgrq/getreport.pl
mrtg-2.15.1/contrib/mrtgrq/grnball.gif
mrtg-2.15.1/contrib/mrtgrq/mrtgrq
mrtg-2.15.1/contrib/mrtgrq/cubprev.gif
mrtg-2.15.1/contrib/iptables_acc_snmp/
mrtg-2.15.1/contrib/iptables_acc_snmp/README
mrtg-2.15.1/contrib/iptables_acc_snmp/iptables_acc_snmp
mrtg-2.15.1/contrib/iptables_acc_snmp/HANDCO-SNMP-MIB.txt
mrtg-2.15.1/contrib/rumb-stat/
mrtg-2.15.1/contrib/rumb-stat/README
mrtg-2.15.1/contrib/rumb-stat/getsquidstats
mrtg-2.15.1/contrib/rumb-stat/gethttpstats
mrtg-2.15.1/contrib/ovmrtg/
mrtg-2.15.1/contrib/ovmrtg/ovadd
mrtg-2.15.1/contrib/ovmrtg/mrtgmenu
mrtg-2.15.1/contrib/ovmrtg/ovmrtg.pm
mrtg-2.15.1/contrib/ovmrtg/ovdel
mrtg-2.15.1/contrib/ovmrtg/ovsho
mrtg-2.15.1/contrib/ovmrtg/ovtst
mrtg-2.15.1/contrib/ovmrtg/installov
mrtg-2.15.1/contrib/ovmrtg/ovcvtfile
mrtg-2.15.1/contrib/ovmrtg/installov.pl
mrtg-2.15.1/contrib/ovmrtg/cfgmakerov
mrtg-2.15.1/contrib/ovmrtg/oveval.txt
mrtg-2.15.1/contrib/ovmrtg/README
mrtg-2.15.1/contrib/ovmrtg/ovupdate
mrtg-2.15.1/contrib/ovmrtg/newrtrov.txt
mrtg-2.15.1/contrib/ovmrtg/index
mrtg-2.15.1/contrib/ovmrtg/installov.cmds
mrtg-2.15.1/contrib/ovmrtg/ovcullfile
mrtg-2.15.1/contrib/ovmrtg/ovtgts
mrtg-2.15.1/contrib/ovmrtg/ovsysnms
mrtg-2.15.1/contrib/ovmrtg/buildrtov
mrtg-2.15.1/contrib/ovmrtg/ovcols
mrtg-2.15.1/contrib/ovmrtg/buildht
mrtg-2.15.1/contrib/ovmrtg/ovin
mrtg-2.15.1/contrib/ipchainacc/
mrtg-2.15.1/contrib/ipchainacc/README
mrtg-2.15.1/contrib/ipchainacc/ipchainacc
mrtg-2.15.1/contrib/cisco_BPX_MGX/
mrtg-2.15.1/contrib/cisco_BPX_MGX/howto.html
mrtg-2.15.1/contrib/procmem/
mrtg-2.15.1/contrib/procmem/getmem.pl
mrtg-2.15.1/contrib/procmem/getproc.pl
mrtg-2.15.1/contrib/procmem/README
mrtg-2.15.1/contrib/procmem/create-cfg-mem.pl
mrtg-2.15.1/contrib/procmem/create-cfg-proc.pl
mrtg-2.15.1/contrib/mrtg-blast/
mrtg-2.15.1/contrib/mrtg-blast/mrtg-blast.cfg
mrtg-2.15.1/contrib/mrtg-blast/tcpblast.c
mrtg-2.15.1/contrib/mrtg-blast/README
mrtg-2.15.1/contrib/mrtg-blast/COPYRIGHT
mrtg-2.15.1/contrib/mrtg-blast/INSTALL
mrtg-2.15.1/contrib/mrtg-blast/COPYING
mrtg-2.15.1/contrib/mrtg-blast/mrtg-blast
mrtg-2.15.1/contrib/whodo/
mrtg-2.15.1/contrib/whodo/summarise.pl
mrtg-2.15.1/contrib/whodo/sources
mrtg-2.15.1/contrib/whodo/collect.pl
mrtg-2.15.1/contrib/whodo/sources.cfg
mrtg-2.15.1/contrib/whodo/makeanalyse.pl
mrtg-2.15.1/contrib/whodo/README
mrtg-2.15.1/contrib/whodo/networks
mrtg-2.15.1/contrib/whodo/wwwscripts/
mrtg-2.15.1/contrib/whodo/wwwscripts/analyse.pl
mrtg-2.15.1/contrib/whodo/wwwscripts/pie.pl
mrtg-2.15.1/contrib/whodo/GIFgraph/
mrtg-2.15.1/contrib/whodo/GIFgraph/GIFgraph.pm
mrtg-2.15.1/contrib/whodo/GIFgraph/GIFgraph/
mrtg-2.15.1/contrib/whodo/GIFgraph/GIFgraph/legend.pm
mrtg-2.15.1/contrib/whodo/GIFgraph/GIFgraph/t/
mrtg-2.15.1/contrib/whodo/GIFgraph/GIFgraph/t/linespoints.t
mrtg-2.15.1/contrib/whodo/GIFgraph/GIFgraph/t/bars.t
mrtg-2.15.1/contrib/whodo/GIFgraph/GIFgraph/t/colour.t
mrtg-2.15.1/contrib/whodo/GIFgraph/GIFgraph/t/legend.t
mrtg-2.15.1/contrib/whodo/GIFgraph/GIFgraph/t/area.t
mrtg-2.15.1/contrib/whodo/GIFgraph/GIFgraph/t/pie.t
mrtg-2.15.1/contrib/whodo/GIFgraph/GIFgraph/t/ff.pl
mrtg-2.15.1/contrib/whodo/GIFgraph/GIFgraph/t/lines.t
mrtg-2.15.1/contrib/whodo/GIFgraph/GIFgraph/t/points.t
mrtg-2.15.1/contrib/whodo/GIFgraph/GIFgraph/t/colour_rgb.txt
mrtg-2.15.1/contrib/whodo/GIFgraph/GIFgraph/area.pm
mrtg-2.15.1/contrib/whodo/GIFgraph/GIFgraph/samples/
mrtg-2.15.1/contrib/whodo/GIFgraph/GIFgraph/samples/sample42.dat
mrtg-2.15.1/contrib/whodo/GIFgraph/GIFgraph/samples/Makefile
mrtg-2.15.1/contrib/whodo/GIFgraph/GIFgraph/samples/sample15.pl
mrtg-2.15.1/contrib/whodo/GIFgraph/GIFgraph/samples/sample51.pl
mrtg-2.15.1/contrib/whodo/GIFgraph/GIFgraph/samples/sample21.htm
mrtg-2.15.1/contrib/whodo/GIFgraph/GIFgraph/samples/sample51.htm
mrtg-2.15.1/contrib/whodo/GIFgraph/GIFgraph/samples/sample54.htm
mrtg-2.15.1/contrib/whodo/GIFgraph/GIFgraph/samples/sample31.htm
mrtg-2.15.1/contrib/whodo/GIFgraph/GIFgraph/samples/sample41.htm
mrtg-2.15.1/contrib/whodo/GIFgraph/GIFgraph/samples/sample54.pl
mrtg-2.15.1/contrib/whodo/GIFgraph/GIFgraph/samples/sample52.htm
mrtg-2.15.1/contrib/whodo/GIFgraph/GIFgraph/samples/sample13.htm
mrtg-2.15.1/contrib/whodo/GIFgraph/GIFgraph/samples/sample12.htm
mrtg-2.15.1/contrib/whodo/GIFgraph/GIFgraph/samples/sample92.htm
mrtg-2.15.1/contrib/whodo/GIFgraph/GIFgraph/samples/sample12.pl
mrtg-2.15.1/contrib/whodo/GIFgraph/GIFgraph/samples/sample13.pl
mrtg-2.15.1/contrib/whodo/GIFgraph/GIFgraph/samples/sample15.htm
mrtg-2.15.1/contrib/whodo/GIFgraph/GIFgraph/samples/logo.gif
mrtg-2.15.1/contrib/whodo/GIFgraph/GIFgraph/samples/sample91.htm
mrtg-2.15.1/contrib/whodo/GIFgraph/GIFgraph/samples/sample93.pl
mrtg-2.15.1/contrib/whodo/GIFgraph/GIFgraph/samples/sample62.pl
mrtg-2.15.1/contrib/whodo/GIFgraph/GIFgraph/samples/sample94.pl
mrtg-2.15.1/contrib/whodo/GIFgraph/GIFgraph/samples/sample42.htm
mrtg-2.15.1/contrib/whodo/GIFgraph/GIFgraph/samples/rgb.txt
mrtg-2.15.1/contrib/whodo/GIFgraph/GIFgraph/samples/sample16.htm
mrtg-2.15.1/contrib/whodo/GIFgraph/GIFgraph/samples/sample14.htm
mrtg-2.15.1/contrib/whodo/GIFgraph/GIFgraph/samples/sample52.pl
mrtg-2.15.1/contrib/whodo/GIFgraph/GIFgraph/samples/sample54.dat
mrtg-2.15.1/contrib/whodo/GIFgraph/GIFgraph/samples/sample53.pl
mrtg-2.15.1/contrib/whodo/GIFgraph/GIFgraph/samples/sample11.htm
mrtg-2.15.1/contrib/whodo/GIFgraph/GIFgraph/samples/sample53.htm
mrtg-2.15.1/contrib/whodo/GIFgraph/GIFgraph/samples/sample91.pl
mrtg-2.15.1/contrib/whodo/GIFgraph/GIFgraph/samples/sample93.htm
mrtg-2.15.1/contrib/whodo/GIFgraph/GIFgraph/samples/sample21.pl
mrtg-2.15.1/contrib/whodo/GIFgraph/GIFgraph/samples/sample42.pl
mrtg-2.15.1/contrib/whodo/GIFgraph/GIFgraph/samples/sample31.pl
mrtg-2.15.1/contrib/whodo/GIFgraph/GIFgraph/samples/sample61.pl
mrtg-2.15.1/contrib/whodo/GIFgraph/GIFgraph/samples/sample62.htm
mrtg-2.15.1/contrib/whodo/GIFgraph/GIFgraph/samples/index.htm
mrtg-2.15.1/contrib/whodo/GIFgraph/GIFgraph/samples/sample14.pl
mrtg-2.15.1/contrib/whodo/GIFgraph/GIFgraph/samples/sample41.pl
mrtg-2.15.1/contrib/whodo/GIFgraph/GIFgraph/samples/sample11.pl
mrtg-2.15.1/contrib/whodo/GIFgraph/GIFgraph/samples/sample16.pl
mrtg-2.15.1/contrib/whodo/GIFgraph/GIFgraph/samples/sample61.htm
mrtg-2.15.1/contrib/whodo/GIFgraph/GIFgraph/samples/sample92.pl
mrtg-2.15.1/contrib/whodo/GIFgraph/GIFgraph/WithMap.pm
mrtg-2.15.1/contrib/whodo/GIFgraph/GIFgraph/pie.pm
mrtg-2.15.1/contrib/whodo/GIFgraph/GIFgraph/lines.pm
mrtg-2.15.1/contrib/whodo/GIFgraph/GIFgraph/utils.pm
mrtg-2.15.1/contrib/whodo/GIFgraph/GIFgraph/points.pm
mrtg-2.15.1/contrib/whodo/GIFgraph/GIFgraph/axestype.pm
mrtg-2.15.1/contrib/whodo/GIFgraph/GIFgraph/mixed.pm
mrtg-2.15.1/contrib/whodo/GIFgraph/GIFgraph/colour.pm
mrtg-2.15.1/contrib/whodo/GIFgraph/GIFgraph/linespoints.pm
mrtg-2.15.1/contrib/whodo/GIFgraph/GIFgraph/bars.pm
mrtg-2.15.1/contrib/whodo/GIFgraph/GIFgraph/EvenlySpaced.pm
mrtg-2.15.1/contrib/whodo/GIFgraph/GIFgraph/install/
mrtg-2.15.1/contrib/whodo/GIFgraph/GIFgraph/install/Makefile.PL
mrtg-2.15.1/contrib/whodo/GIFgraph/GIFgraph/install/README
mrtg-2.15.1/contrib/whodo/GIFgraph/GIFgraph/install/MANIFEST
mrtg-2.15.1/contrib/whodo/GIFgraph/GIFgraph/install/BUGS
mrtg-2.15.1/contrib/whodo/GIFgraph/GIFgraph/install/CHANGES
mrtg-2.15.1/contrib/ipfilter/
mrtg-2.15.1/contrib/ipfilter/fw.pl
mrtg-2.15.1/contrib/ipfilter/ip-filter.readme
mrtg-2.15.1/doc/cfgmaker.1
mrtg-2.15.1/doc/cfgmaker.pod
mrtg-2.15.1/doc/cfgmaker.txt
mrtg-2.15.1/doc/mrtg-contrib.1
mrtg-2.15.1/doc/mrtg-contrib.pod
mrtg-2.15.1/doc/mrtg-contrib.txt
mrtg-2.15.1/doc/mrtg-faq.1
mrtg-2.15.1/doc/mrtg-faq.pod
mrtg-2.15.1/doc/mrtg-faq.txt
mrtg-2.15.1/doc/mrtg-forum.1
mrtg-2.15.1/doc/mrtg-forum.pod
mrtg-2.15.1/doc/mrtg-forum.txt
mrtg-2.15.1/doc/mrtg-ipv6.pod
mrtg-2.15.1/doc/mrtg-ipv6.1
mrtg-2.15.1/doc/mrtg-ipv6.txt
mrtg-2.15.1/doc/indexmaker.1
mrtg-2.15.1/doc/indexmaker.pod
mrtg-2.15.1/doc/indexmaker.txt
mrtg-2.15.1/doc/mrtg-logfile.1
mrtg-2.15.1/doc/mrtg-logfile.pod
mrtg-2.15.1/doc/mrtg-logfile.txt
mrtg-2.15.1/doc/mrtg-mibhelp.1
mrtg-2.15.1/doc/mrtg-mibhelp.pod
mrtg-2.15.1/doc/mrtg-mibhelp.txt
mrtg-2.15.1/doc/mrtg-l.png
mrtg-2.15.1/doc/mrtg-m.png
mrtg-2.15.1/doc/mrtg-r.png
mrtg-2.15.1/doc/mrtg-r.gif
mrtg-2.15.1/doc/mrtg-l.gif
mrtg-2.15.1/doc/mrtg-m.gif
mrtg-2.15.1/doc/mrtg-rrd.1
mrtg-2.15.1/doc/mrtg-rrd.pod
mrtg-2.15.1/doc/mrtg-rrd.txt
mrtg-2.15.1/doc/mrtg-ti.png
mrtg-2.15.1/doc/mrtglib.pod
mrtg-2.15.1/doc/mrtglib.1
mrtg-2.15.1/doc/mrtglib.txt
mrtg-2.15.1/doc/mrtg-nt-guide.1
mrtg-2.15.1/doc/mrtg-nt-guide.pod
mrtg-2.15.1/doc/mrtg-nt-guide.txt
mrtg-2.15.1/doc/mrtg-nw-guide.1
mrtg-2.15.1/doc/mrtg-nw-guide.pod
mrtg-2.15.1/doc/mrtg-nw-guide.txt
mrtg-2.15.1/doc/mrtg-reference.1
mrtg-2.15.1/doc/mrtg-reference.pod
mrtg-2.15.1/doc/mrtg-reference.txt
mrtg-2.15.1/doc/mrtg-squid.1
mrtg-2.15.1/doc/mrtg-squid.pod
mrtg-2.15.1/doc/mrtg-squid.txt
mrtg-2.15.1/doc/mrtg-unix-guide.1
mrtg-2.15.1/doc/mrtg-unix-guide.pod
mrtg-2.15.1/doc/mrtg-unix-guide.txt
mrtg-2.15.1/doc/mrtg-webserver.1
mrtg-2.15.1/doc/mrtg-webserver.pod
mrtg-2.15.1/doc/mrtg-webserver.txt
mrtg-2.15.1/doc/mrtg.1
mrtg-2.15.1/doc/mrtg.pod
mrtg-2.15.1/doc/mrtg.txt
checking for gcc... gcc
checking for C compiler default output file name... a.out
checking whether the C compiler works... yes
checking whether we are cross compiling... no
checking for suffix of executables... 
checking for suffix of object files... o
checking whether we are using the GNU C compiler... yes
checking whether gcc accepts -g... yes
checking for gcc option to accept ANSI C... none needed
checking how to run the C preprocessor... gcc -E
checking whether make sets $(MAKE)... yes
checking for a BSD-compatible install... /usr/bin/ginstall -c
checking for perl... /usr/bin/perl
checking for groff... /usr/bin/groff
checking for egrep... grep -E
checking for ANSI C header files... yes
checking for sys/types.h... yes
checking for sys/stat.h... yes
checking for stdlib.h... yes
checking for string.h... yes
checking for memory.h... yes
checking for strings.h... yes
checking for inttypes.h... yes
checking for stdint.h... yes
checking for unistd.h... yes
checking for inttypes.h... (cached) yes
checking for unsigned long long... yes
checking for long long... yes
checking for strtoll... yes
checking for printf long long format specifier... %lld
checking for pow in -lm... yes
checking for gdImageGif in -lgd... yes
checking for gdImagePng in -lgd... yes
checking for gdImagePng_jpg in -lgd... no
checking for gdImagePng_jpg_ft in -lgd... no
checking for gdImageGd in -lgd... no
checking gd.h usability... yes
checking gd.h presence... yes
checking for gd.h... yes
checking the weather... (cached) it's fine
checking if we can use GCC-specific compiler options... yes
configure: creating ./config.status
config.status: creating Makefile
config.status: creating config.h
ordering CD from http://people.ee.ethz.ch/~oetiker/wish .... just kidding ;-)

----------------------------------------------------------------
Config is DONE!

Type 'make' to compile the software

       ... that wishlist mentioned above does really exist. So if
you feel like showing your appreciation for MRTG, this is the
place to go. I just love CDs and DVDs

                            -- Tobi Oetiker <oetiker@ee.ethz.ch>
----------------------------------------------------------------
gcc -I/usr/local/gd-2.0.34 -I/usr/local/gd-2.0.34/include -DGFORM_GD=gdImagePng -g -O2 -Wall -Wpointer-arith -Wcast-align -Wmissing-declarations -Wnested-externs -Winline -W -DHAVE_CONFIG_H -c ./src/rateup.c -o bin/rateup.o
LD_RUN_PATH=/usr/local/gd-2.0.34/lib:/usr/local/gd-2.0.34 gcc bin/rateup.o -o bin/rateup -L/usr/local/gd-2.0.34 -L/usr/local/gd-2.0.34/lib  -lgd -lpng -lz  -lm 
/usr/bin/perl -0777 -p -i~ -e "s'^#!\s*/\S*perl'#! /usr/bin/perl'" ./bin/cfgmaker ./bin/indexmaker ./bin/mrtg
/usr/bin/perl -0777 -p -i~ -e 's@GRAPHFMT="...";@GRAPHFMT="png";@' ./bin/mrtg ./bin/indexmaker
/usr/bin/perl -0777 -p -i~ -e "s'^#!\s*/\S*perl'#! /usr/bin/perl'" ./bin/cfgmaker ./bin/indexmaker ./bin/mrtg
/usr/bin/perl -0777 -p -i~ -e 's@GRAPHFMT="...";@GRAPHFMT="png";@' ./bin/mrtg ./bin/indexmaker
/bin/sh ./mkinstalldirs /usr/local/mrtg-2.15.1/bin
mkdir /usr/local/mrtg-2.15.1
mkdir /usr/local/mrtg-2.15.1/bin
for x in ./bin/mrtg ./bin/cfgmaker ./bin/indexmaker ./bin/mrtg-traffic-sum; do \
	  /usr/bin/ginstall -c -m 755 $x /usr/local/mrtg-2.15.1/bin; done
for x in bin/rateup; do \
	  /usr/bin/ginstall -c -m 755 $x /usr/local/mrtg-2.15.1/bin; done
/bin/sh ./mkinstalldirs /usr/local/mrtg-2.15.1/lib/mrtg2/Pod
mkdir /usr/local/mrtg-2.15.1/lib
mkdir /usr/local/mrtg-2.15.1/lib/mrtg2
mkdir /usr/local/mrtg-2.15.1/lib/mrtg2/Pod
for x in ./lib/mrtg2/*.pm; do \
	  /usr/bin/ginstall -c -m 644 $x /usr/local/mrtg-2.15.1/lib/mrtg2; done
for x in ./lib/mrtg2/Pod/*.pm; do \
	  /usr/bin/ginstall -c -m 644 $x /usr/local/mrtg-2.15.1/lib/mrtg2/Pod; done
/bin/sh ./mkinstalldirs /usr/local/mrtg-2.15.1/share/mrtg2/icons
mkdir /usr/local/mrtg-2.15.1/share
mkdir /usr/local/mrtg-2.15.1/share/mrtg2
mkdir /usr/local/mrtg-2.15.1/share/mrtg2/icons
for x in ./images/*.gif ./images/*.png; do \
	  /usr/bin/ginstall -c -m 644 $x /usr/local/mrtg-2.15.1/share/mrtg2/icons; done
/bin/sh ./mkinstalldirs /usr/local/mrtg-2.15.1/share/doc/mrtg2
mkdir /usr/local/mrtg-2.15.1/share/doc
mkdir /usr/local/mrtg-2.15.1/share/doc/mrtg2
(cd .; for x in COPYING COPYRIGHT README CHANGES THANKS doc/*.pod doc/*.txt doc/*.png; do \
	  /usr/bin/ginstall -c -m 644 $x /usr/local/mrtg-2.15.1/share/doc/mrtg2; done)
/bin/sh ./mkinstalldirs /usr/local/mrtg-2.15.1/man/man1
mkdir /usr/local/mrtg-2.15.1/man
mkdir /usr/local/mrtg-2.15.1/man/man1
for x in ./doc/*.1; do \
	  /usr/bin/ginstall -c -m 644 $x /usr/local/mrtg-2.15.1/man/man1; done
## configurando cfgmaker ##

## final funcconfmrtg ##
## inicio funcconfntop ##
## declarando variavies ##
## criando diretorio de instalacao e copiando arquivos fonte
## instalando ntop
ntop-3.2/acinclude.m4
ntop-3.2/acinclude.m4.ntop
ntop-3.2/aclocal.m4
ntop-3.2/address.c
ntop-3.2/admin.c
ntop-3.2/argv.c
ntop-3.2/AS-list.txt.gz
ntop-3.2/AUTHORS
ntop-3.2/autotoolversions
ntop-3.2/ChangeLog
ntop-3.2/config.guess
ntop-3.2/config.h.in
ntop-3.2/config.sub
ntop-3.2/configure
ntop-3.2/configureextra/
ntop-3.2/configureextra/DARWIN
ntop-3.2/configureextra/AIX
ntop-3.2/configureextra/LINUXfedora
ntop-3.2/configureextra/FREEBSD
ntop-3.2/configureextra/HPUX
ntop-3.2/configureextra/LINUXmandrake
ntop-3.2/configureextra/LINUXredhat3
ntop-3.2/configureextra/LINUXredhat8.0
ntop-3.2/configureextra/LINUXredhat9
ntop-3.2/configureextra/LINUXslackware
ntop-3.2/configureextra/LINUXsuse
ntop-3.2/configureextra/LINUXwhitebox3.0
ntop-3.2/configureextra/SOLARIS8
ntop-3.2/configureextra/SOLARIS9
ntop-3.2/configureextra/functions
ntop-3.2/configureextra/openbsd
ntop-3.2/configureextra/readme
ntop-3.2/configure.in
ntop-3.2/CONTENTS
ntop-3.2/COPYING
ntop-3.2/dataFormat.c
ntop-3.2/depcomp
ntop-3.2/dirent.c
ntop-3.2/docs/
ntop-3.2/docs/RMON/
ntop-3.2/docs/RMON/README.RMON
ntop-3.2/docs/1STRUN.txt
ntop-3.2/docs/BUG_REPORT
ntop-3.2/docs/BUILD-MinGW.txt
ntop-3.2/docs/BUILD-NTOP.txt
ntop-3.2/docs/DAG
ntop-3.2/docs/FAQ
ntop-3.2/docs/FAQarchive
ntop-3.2/docs/FILES
ntop-3.2/docs/HACKING
ntop-3.2/docs/INSTALL
ntop-3.2/docs/KNOWN_BUGS
ntop-3.2/docs/README
ntop-3.2/docs/README.SSL
ntop-3.2/docs/README.Suse
ntop-3.2/docs/RedHat-rpmbuild-HOWTO.txt
ntop-3.2/docs/TODO
ntop-3.2/docs/ntop-autotools.pdf
ntop-3.2/docs/ntop-autotools.vsd
ntop-3.2/docs/database/
ntop-3.2/docs/database/README.mySQL
ntop-3.2/docs/database/README
ntop-3.2/emitter.c
ntop-3.2/etter.finger.os.gz
ntop-3.2/fcReport.c
ntop-3.2/fcUtils.c
ntop-3.2/fcUtils.h
ntop-3.2/getopt1.c
ntop-3.2/getopt.c
ntop-3.2/getopt.h
ntop-3.2/globals-core.c
ntop-3.2/globals-core.h
ntop-3.2/globals-defines.h
ntop-3.2/globals-report.c
ntop-3.2/globals-report.h
ntop-3.2/globals-structtypes.h
ntop-3.2/graph.c
ntop-3.2/hash.c
ntop-3.2/html/
ntop-3.2/html/statsicons/
ntop-3.2/html/statsicons/flags/
ntop-3.2/html/statsicons/flags/local.gif
ntop-3.2/html/statsicons/flags/ad.gif
ntop-3.2/html/statsicons/flags/ae.gif
ntop-3.2/html/statsicons/flags/af.gif
ntop-3.2/html/statsicons/flags/ag.gif
ntop-3.2/html/statsicons/flags/ai.gif
ntop-3.2/html/statsicons/flags/al.gif
ntop-3.2/html/statsicons/flags/am.gif
ntop-3.2/html/statsicons/flags/an.gif
ntop-3.2/html/statsicons/flags/ao.gif
ntop-3.2/html/statsicons/flags/aq.gif
ntop-3.2/html/statsicons/flags/ar.gif
ntop-3.2/html/statsicons/flags/as.gif
ntop-3.2/html/statsicons/flags/at.gif
ntop-3.2/html/statsicons/flags/au.gif
ntop-3.2/html/statsicons/flags/aw.gif
ntop-3.2/html/statsicons/flags/az.gif
ntop-3.2/html/statsicons/flags/ba.gif
ntop-3.2/html/statsicons/flags/bb.gif
ntop-3.2/html/statsicons/flags/bd.gif
ntop-3.2/html/statsicons/flags/be.gif
ntop-3.2/html/statsicons/flags/bf.gif
ntop-3.2/html/statsicons/flags/bg.gif
ntop-3.2/html/statsicons/flags/bh.gif
ntop-3.2/html/statsicons/flags/bi.gif
ntop-3.2/html/statsicons/flags/bj.gif
ntop-3.2/html/statsicons/flags/bm.gif
ntop-3.2/html/statsicons/flags/bn.gif
ntop-3.2/html/statsicons/flags/bo.gif
ntop-3.2/html/statsicons/flags/br.gif
ntop-3.2/html/statsicons/flags/bs.gif
ntop-3.2/html/statsicons/flags/bt.gif
ntop-3.2/html/statsicons/flags/bv.gif
ntop-3.2/html/statsicons/flags/bw.gif
ntop-3.2/html/statsicons/flags/by.gif
ntop-3.2/html/statsicons/flags/bz.gif
ntop-3.2/html/statsicons/flags/ca.gif
ntop-3.2/html/statsicons/flags/cc.gif
ntop-3.2/html/statsicons/flags/cd.gif
ntop-3.2/html/statsicons/flags/cf.gif
ntop-3.2/html/statsicons/flags/cg.gif
ntop-3.2/html/statsicons/flags/ch.gif
ntop-3.2/html/statsicons/flags/ci.gif
ntop-3.2/html/statsicons/flags/ck.gif
ntop-3.2/html/statsicons/flags/cl.gif
ntop-3.2/html/statsicons/flags/cm.gif
ntop-3.2/html/statsicons/flags/cn.gif
ntop-3.2/html/statsicons/flags/co.gif
ntop-3.2/html/statsicons/flags/com.gif
ntop-3.2/html/statsicons/flags/cr.gif
ntop-3.2/html/statsicons/flags/cu.gif
ntop-3.2/html/statsicons/flags/cv.gif
ntop-3.2/html/statsicons/flags/cx.gif
ntop-3.2/html/statsicons/flags/cy.gif
ntop-3.2/html/statsicons/flags/cz.gif
ntop-3.2/html/statsicons/flags/de.gif
ntop-3.2/html/statsicons/flags/dj.gif
ntop-3.2/html/statsicons/flags/dk.gif
ntop-3.2/html/statsicons/flags/dm.gif
ntop-3.2/html/statsicons/flags/do.gif
ntop-3.2/html/statsicons/flags/dz.gif
ntop-3.2/html/statsicons/flags/ec.gif
ntop-3.2/html/statsicons/flags/edu.gif
ntop-3.2/html/statsicons/flags/ee.gif
ntop-3.2/html/statsicons/flags/eg.gif
ntop-3.2/html/statsicons/flags/eh.gif
ntop-3.2/html/statsicons/flags/es.gif
ntop-3.2/html/statsicons/flags/et.gif
ntop-3.2/html/statsicons/flags/eu.gif
ntop-3.2/html/statsicons/flags/fi.gif
ntop-3.2/html/statsicons/flags/fj.gif
ntop-3.2/html/statsicons/flags/fk.gif
ntop-3.2/html/statsicons/flags/fm.gif
ntop-3.2/html/statsicons/flags/fo.gif
ntop-3.2/html/statsicons/flags/fr.gif
ntop-3.2/html/statsicons/flags/fx.gif
ntop-3.2/html/statsicons/flags/ga.gif
ntop-3.2/html/statsicons/flags/gb.gif
ntop-3.2/html/statsicons/flags/gd.gif
ntop-3.2/html/statsicons/flags/ge.gif
ntop-3.2/html/statsicons/flags/gf.gif
ntop-3.2/html/statsicons/flags/gh.gif
ntop-3.2/html/statsicons/flags/gi.gif
ntop-3.2/html/statsicons/flags/gl.gif
ntop-3.2/html/statsicons/flags/gm.gif
ntop-3.2/html/statsicons/flags/gn.gif
ntop-3.2/html/statsicons/flags/gov.gif
ntop-3.2/html/statsicons/flags/gp.gif
ntop-3.2/html/statsicons/flags/gq.gif
ntop-3.2/html/statsicons/flags/gr.gif
ntop-3.2/html/statsicons/flags/gt.gif
ntop-3.2/html/statsicons/flags/gu.gif
ntop-3.2/html/statsicons/flags/gw.gif
ntop-3.2/html/statsicons/flags/gy.gif
ntop-3.2/html/statsicons/flags/hk.gif
ntop-3.2/html/statsicons/flags/hm.gif
ntop-3.2/html/statsicons/flags/hn.gif
ntop-3.2/html/statsicons/flags/hr.gif
ntop-3.2/html/statsicons/flags/ht.gif
ntop-3.2/html/statsicons/flags/hu.gif
ntop-3.2/html/statsicons/flags/id.gif
ntop-3.2/html/statsicons/flags/ie.gif
ntop-3.2/html/statsicons/flags/il.gif
ntop-3.2/html/statsicons/flags/in.gif
ntop-3.2/html/statsicons/flags/int.gif
ntop-3.2/html/statsicons/flags/io.gif
ntop-3.2/html/statsicons/flags/iq.gif
ntop-3.2/html/statsicons/flags/ir.gif
ntop-3.2/html/statsicons/flags/is.gif
ntop-3.2/html/statsicons/flags/it.gif
ntop-3.2/html/statsicons/flags/jm.gif
ntop-3.2/html/statsicons/flags/jo.gif
ntop-3.2/html/statsicons/flags/jp.gif
ntop-3.2/html/statsicons/flags/ke.gif
ntop-3.2/html/statsicons/flags/kg.gif
ntop-3.2/html/statsicons/flags/kh.gif
ntop-3.2/html/statsicons/flags/ki.gif
ntop-3.2/html/statsicons/flags/km.gif
ntop-3.2/html/statsicons/flags/kn.gif
ntop-3.2/html/statsicons/flags/kp.gif
ntop-3.2/html/statsicons/flags/kr.gif
ntop-3.2/html/statsicons/flags/kw.gif
ntop-3.2/html/statsicons/flags/ky.gif
ntop-3.2/html/statsicons/flags/kz.gif
ntop-3.2/html/statsicons/flags/la.gif
ntop-3.2/html/statsicons/flags/lb.gif
ntop-3.2/html/statsicons/flags/lc.gif
ntop-3.2/html/statsicons/flags/li.gif
ntop-3.2/html/statsicons/flags/lk.gif
ntop-3.2/html/statsicons/flags/localhost.gif
ntop-3.2/html/statsicons/flags/lr.gif
ntop-3.2/html/statsicons/flags/ls.gif
ntop-3.2/html/statsicons/flags/lt.gif
ntop-3.2/html/statsicons/flags/lu.gif
ntop-3.2/html/statsicons/flags/lv.gif
ntop-3.2/html/statsicons/flags/ly.gif
ntop-3.2/html/statsicons/flags/ma.gif
ntop-3.2/html/statsicons/flags/mc.gif
ntop-3.2/html/statsicons/flags/md.gif
ntop-3.2/html/statsicons/flags/mil.gif
ntop-3.2/html/statsicons/flags/mk.gif
ntop-3.2/html/statsicons/flags/ml.gif
ntop-3.2/html/statsicons/flags/mn.gif
ntop-3.2/html/statsicons/flags/mo.gif
ntop-3.2/html/statsicons/flags/mq.gif
ntop-3.2/html/statsicons/flags/mr.gif
ntop-3.2/html/statsicons/flags/mt.gif
ntop-3.2/html/statsicons/flags/mu.gif
ntop-3.2/html/statsicons/flags/mx.gif
ntop-3.2/html/statsicons/flags/my.gif
ntop-3.2/html/statsicons/flags/mz.gif
ntop-3.2/html/statsicons/flags/na.gif
ntop-3.2/html/statsicons/flags/ne.gif
ntop-3.2/html/statsicons/flags/net.gif
ntop-3.2/html/statsicons/flags/ng.gif
ntop-3.2/html/statsicons/flags/ni.gif
ntop-3.2/html/statsicons/flags/nl.gif
ntop-3.2/html/statsicons/flags/no.gif
ntop-3.2/html/statsicons/flags/np.gif
ntop-3.2/html/statsicons/flags/nu.gif
ntop-3.2/html/statsicons/flags/nz.gif
ntop-3.2/html/statsicons/flags/om.gif
ntop-3.2/html/statsicons/flags/org.gif
ntop-3.2/html/statsicons/flags/pa.gif
ntop-3.2/html/statsicons/flags/pe.gif
ntop-3.2/html/statsicons/flags/pf.gif
ntop-3.2/html/statsicons/flags/pg.gif
ntop-3.2/html/statsicons/flags/ph.gif
ntop-3.2/html/statsicons/flags/pk.gif
ntop-3.2/html/statsicons/flags/pl.gif
ntop-3.2/html/statsicons/flags/pr.gif
ntop-3.2/html/statsicons/flags/ps.gif
ntop-3.2/html/statsicons/flags/pt.gif
ntop-3.2/html/statsicons/flags/py.gif
ntop-3.2/html/statsicons/flags/qa.gif
ntop-3.2/html/statsicons/flags/ro.gif
ntop-3.2/html/statsicons/flags/ru.gif
ntop-3.2/html/statsicons/flags/rw.gif
ntop-3.2/html/statsicons/flags/sa.gif
ntop-3.2/html/statsicons/flags/sb.gif
ntop-3.2/html/statsicons/flags/sd.gif
ntop-3.2/html/statsicons/flags/se.gif
ntop-3.2/html/statsicons/flags/sg.gif
ntop-3.2/html/statsicons/flags/si.gif
ntop-3.2/html/statsicons/flags/sk.gif
ntop-3.2/html/statsicons/flags/sm.gif
ntop-3.2/html/statsicons/flags/sn.gif
ntop-3.2/html/statsicons/flags/su.gif
ntop-3.2/html/statsicons/flags/sv.gif
ntop-3.2/html/statsicons/flags/sy.gif
ntop-3.2/html/statsicons/flags/sz.gif
ntop-3.2/html/statsicons/flags/tc.gif
ntop-3.2/html/statsicons/flags/td.gif
ntop-3.2/html/statsicons/flags/tf.gif
ntop-3.2/html/statsicons/flags/tg.gif
ntop-3.2/html/statsicons/flags/th.gif
ntop-3.2/html/statsicons/flags/tj.gif
ntop-3.2/html/statsicons/flags/tk.gif
ntop-3.2/html/statsicons/flags/tm.gif
ntop-3.2/html/statsicons/flags/tn.gif
ntop-3.2/html/statsicons/flags/to.gif
ntop-3.2/html/statsicons/flags/tr.gif
ntop-3.2/html/statsicons/flags/tt.gif
ntop-3.2/html/statsicons/flags/tw.gif
ntop-3.2/html/statsicons/flags/tz.gif
ntop-3.2/html/statsicons/flags/ua.gif
ntop-3.2/html/statsicons/flags/uk.gif
ntop-3.2/html/statsicons/flags/us.gif
ntop-3.2/html/statsicons/flags/uy.gif
ntop-3.2/html/statsicons/flags/uz.gif
ntop-3.2/html/statsicons/flags/va.gif
ntop-3.2/html/statsicons/flags/vc.gif
ntop-3.2/html/statsicons/flags/ve.gif
ntop-3.2/html/statsicons/flags/vg.gif
ntop-3.2/html/statsicons/flags/vi.gif
ntop-3.2/html/statsicons/flags/vn.gif
ntop-3.2/html/statsicons/flags/wf.gif
ntop-3.2/html/statsicons/flags/ws.gif
ntop-3.2/html/statsicons/flags/ye.gif
ntop-3.2/html/statsicons/flags/yu.gif
ntop-3.2/html/statsicons/flags/za.gif
ntop-3.2/html/statsicons/flags/ze.gif
ntop-3.2/html/statsicons/flags/zm.gif
ntop-3.2/html/statsicons/flags/zw.gif
ntop-3.2/html/statsicons/os/
ntop-3.2/html/statsicons/os/amiga.gif
ntop-3.2/html/statsicons/os/aix.gif
ntop-3.2/html/statsicons/os/cisco.gif
ntop-3.2/html/statsicons/os/be.gif
ntop-3.2/html/statsicons/os/bsd.gif
ntop-3.2/html/statsicons/os/irix.gif
ntop-3.2/html/statsicons/os/hp.gif
ntop-3.2/html/statsicons/os/linux.gif
ntop-3.2/html/statsicons/os/mac.gif
ntop-3.2/html/statsicons/os/novell.gif
ntop-3.2/html/statsicons/os/os2.gif
ntop-3.2/html/statsicons/os/sun.gif
ntop-3.2/html/statsicons/os/windows.gif
ntop-3.2/html/JSCookMenu.js
ntop-3.2/html/Risk_high.gif
ntop-3.2/html/Risk_low.gif
ntop-3.2/html/Risk_medium.gif
ntop-3.2/html/Risk_unknown.gif
ntop-3.2/html/antenna.gif
ntop-3.2/html/arrow.gif
ntop-3.2/html/arrow_down.gif
ntop-3.2/html/arrow_up.gif
ntop-3.2/html/back.gif
ntop-3.2/html/bar.gif
ntop-3.2/html/bg_line.gif
ntop-3.2/html/black.gif
ntop-3.2/html/blank.gif
ntop-3.2/html/bottom_corner.gif
ntop-3.2/html/bridge.gif
ntop-3.2/html/brocade.gif
ntop-3.2/html/bug.png
ntop-3.2/html/bulb.gif
ntop-3.2/html/card.gif
ntop-3.2/html/child.gif
ntop-3.2/html/clear.gif
ntop-3.2/html/clock.gif
ntop-3.2/html/collapsed.gif
ntop-3.2/html/copyright.png
ntop-3.2/html/corner.gif
ntop-3.2/html/deleteURL.gif
ntop-3.2/html/deleteUser.gif
ntop-3.2/html/disk.gif
ntop-3.2/html/dns.gif
ntop-3.2/html/download.gif
ntop-3.2/html/dump.html
ntop-3.2/html/emulex.gif
ntop-3.2/html/error.gif
ntop-3.2/html/expanded.gif
ntop-3.2/html/favicon.ico
ntop-3.2/html/fback.gif
ntop-3.2/html/fforward.gif
ntop-3.2/html/forward.gif
ntop-3.2/html/functions.js
ntop-3.2/html/gauge.jpg
ntop-3.2/html/gaugeR.jpg
ntop-3.2/html/gaugeS.jpg
ntop-3.2/html/graph.gif
ntop-3.2/html/gray_bg.gif
ntop-3.2/html/help.html
ntop-3.2/html/help.png
ntop-3.2/html/hostSortNote.html
ntop-3.2/html/info.gif
ntop-3.2/html/initiator.gif
ntop-3.2/html/lock.png
ntop-3.2/html/mail.gif
ntop-3.2/html/major.gif
ntop-3.2/html/marchio_unipi_pant541_144.gif
ntop-3.2/html/menubar.png
ntop-3.2/html/menubar_j.png
ntop-3.2/html/menuline.png
ntop-3.2/html/minor.gif
ntop-3.2/html/modifyUser.gif
ntop-3.2/html/multihomed.gif
ntop-3.2/html/multivlaned.gif
ntop-3.2/html/nboxLogo.gif
ntop-3.2/html/ntop.gif
ntop-3.2/html/ntop.html
ntop-3.2/html/ntop_logo.gif
ntop-3.2/html/ntopdump.dtd
ntop-3.2/html/ntophelp.html
ntop-3.2/html/p2p.gif
ntop-3.2/html/phone.gif
ntop-3.2/html/pie-error.png
ntop-3.2/html/printer.gif
ntop-3.2/html/privacyNotice.html
ntop-3.2/html/question.gif
ntop-3.2/html/router.gif
ntop-3.2/html/seagate.gif
ntop-3.2/html/spacer.gif
ntop-3.2/html/style.css
ntop-3.2/html/switch.gif
ntop-3.2/html/theme.css
ntop-3.2/html/theme.js
ntop-3.2/html/upload.gif
ntop-3.2/html/url.gif
ntop-3.2/html/user.gif
ntop-3.2/html/users.gif
ntop-3.2/html/vgauge.jpg
ntop-3.2/html/warning.gif
ntop-3.2/html/web.gif
ntop-3.2/html/wheel.gif
ntop-3.2/html/white_bg.gif
ntop-3.2/http.c
ntop-3.2/iface.c
ntop-3.2/iface.h
ntop-3.2/initialize.c
ntop-3.2/INSTALL
ntop-3.2/installer/
ntop-3.2/installer/MacOSX/
ntop-3.2/installer/MacOSX/License.txt
ntop-3.2/installer/MacOSX/ReadMe.txt
ntop-3.2/installer/MacOSX/ntop.package.pmsp
ntop-3.2/install-sh
ntop-3.2/leaks.c
ntop-3.2/leaks.h
ntop-3.2/libtool
ntop-3.2/libtool.m4.in
ntop-3.2/ltmain.sh
ntop-3.2/main.c
ntop-3.2/Makefile.am
ntop-3.2/Makefile.in
ntop-3.2/Makefile.mingw
ntop-3.2/MANIFESTO
ntop-3.2/missing
ntop-3.2/mkinstalldirs
ntop-3.2/myrrd/
ntop-3.2/myrrd/Makefile.am
ntop-3.2/myrrd/Makefile.in
ntop-3.2/myrrd/config.h
ntop-3.2/myrrd/config_aux.h
ntop-3.2/myrrd/dummy.c
ntop-3.2/myrrd/gdlucidab10.c
ntop-3.2/myrrd/gdlucidab10.h
ntop-3.2/myrrd/gdlucidab12.c
ntop-3.2/myrrd/gdlucidab12.h
ntop-3.2/myrrd/gdlucidab12l2.c
ntop-3.2/myrrd/gdlucidab12l2.h
ntop-3.2/myrrd/gdlucidab14.c
ntop-3.2/myrrd/gdlucidab14.h
ntop-3.2/myrrd/gdlucidan10.c
ntop-3.2/myrrd/gdlucidan10.h
ntop-3.2/myrrd/gdlucidan10l2.c
ntop-3.2/myrrd/gdlucidan10l2.h
ntop-3.2/myrrd/gdlucidan12.c
ntop-3.2/myrrd/gdlucidan12.h
ntop-3.2/myrrd/gdlucidan14.c
ntop-3.2/myrrd/gdlucidan14.h
ntop-3.2/myrrd/gdpng.c
ntop-3.2/myrrd/gifsize.c
ntop-3.2/myrrd/ntconfig.h
ntop-3.2/myrrd/parsetime.c
ntop-3.2/myrrd/parsetime.h
ntop-3.2/myrrd/pngsize.c
ntop-3.2/myrrd/rrd.h
ntop-3.2/myrrd/rrd_create.c
ntop-3.2/myrrd/rrd_diff.c
ntop-3.2/myrrd/rrd_error.c
ntop-3.2/myrrd/rrd_fetch.c
ntop-3.2/myrrd/rrd_format.c
ntop-3.2/myrrd/rrd_format.h
ntop-3.2/myrrd/rrd_graph.c
ntop-3.2/myrrd/rrd_graph.h
ntop-3.2/myrrd/rrd_last.c
ntop-3.2/myrrd/rrd_open.c
ntop-3.2/myrrd/rrd_tool.h
ntop-3.2/myrrd/rrd_update.c
ntop-3.2/NetFlow/
ntop-3.2/NetFlow/docs/
ntop-3.2/NetFlow/docs/ntop-netflow-cisco.pdf
ntop-3.2/NetFlow/docs/ntop-netflow-cisco.txt
ntop-3.2/NetFlow/README
ntop-3.2/NetFlow/netFlowClient.pl
ntop-3.2/NetFlow/ntop_flows.sql
ntop-3.2/NEWS
ntop-3.2/ntop.8
ntop-3.2/ntop.c
ntop-3.2/ntop-cert.pem
ntop-3.2/ntop-config.in
ntop-3.2/ntop_darwin.c
ntop-3.2/ntop_darwin.h
ntop-3.2/ntop.h
ntop-3.2/ntop.html
ntop-3.2/ntop.txt
ntop-3.2/ntop_win32.c
ntop-3.2/ntop_win32.h
ntop-3.2/oui.txt.gz
ntop-3.2/p2c.opt.table.gz
ntop-3.2/packages/
ntop-3.2/packages/FreeBSD-ports/
ntop-3.2/packages/FreeBSD-ports/net/
ntop-3.2/packages/FreeBSD-ports/net/ntop/
ntop-3.2/packages/FreeBSD-ports/net/ntop/files/
ntop-3.2/packages/FreeBSD-ports/net/ntop/files/ntop.conf.sample
ntop-3.2/packages/FreeBSD-ports/net/ntop/files/ntop.sh
ntop-3.2/packages/FreeBSD-ports/net/ntop/files/patch-configure
ntop-3.2/packages/FreeBSD-ports/net/ntop/files/patch-configure-in
ntop-3.2/packages/FreeBSD-ports/net/ntop/files/patch-ntop-h
ntop-3.2/packages/FreeBSD-ports/net/ntop/Makefile
ntop-3.2/packages/FreeBSD-ports/net/ntop/distinfo
ntop-3.2/packages/FreeBSD-ports/net/ntop/pkg-descr
ntop-3.2/packages/FreeBSD-ports/net/ntop/pkg-message
ntop-3.2/packages/FreeBSD-ports/net/ntop/pkg-plist
ntop-3.2/packages/FreeBSD-ports/README
ntop-3.2/packages/Gentoo/
ntop-3.2/packages/Gentoo/digest-ntop-3.0_pre1
ntop-3.2/packages/Gentoo/digest-ntop-3.0_pre2
ntop-3.2/packages/Gentoo/ntop-3.0_pre1.ebuild
ntop-3.2/packages/Gentoo/ntop-3.0_pre2.ebuild
ntop-3.2/packages/MacOSX/
ntop-3.2/packages/MacOSX/License.txt
ntop-3.2/packages/MacOSX/ReadMe.txt
ntop-3.2/packages/MacOSX/ltconfig
ntop-3.2/packages/MacOSX/ltmain.sh
ntop-3.2/packages/MacOSX/ntop.package.pmsp
ntop-3.2/packages/Mandrake/
ntop-3.2/packages/Mandrake/ntop.init
ntop-3.2/packages/Mandrake/README
ntop-3.2/packages/Mandrake/ntop.spec
ntop-3.2/packages/Mandrake/regex.patch
ntop-3.2/packages/Mandrake/version.patch
ntop-3.2/packages/RedHat/
ntop-3.2/packages/RedHat/ntop.init
ntop-3.2/packages/RedHat/README
ntop-3.2/packages/RedHat/cfgdbfile.patch
ntop-3.2/packages/RedHat/makefile_am.patch
ntop-3.2/packages/RedHat/ntop.conf.sample
ntop-3.2/packages/RedHat/ntop.logrotate
ntop-3.2/packages/RedHat/ntop.spec
ntop-3.2/packages/RedHat/version.patch
ntop-3.2/packages/Win32/
ntop-3.2/packages/Win32/README
ntop-3.2/packages/Win32/ntop-VC6-project.zip
ntop-3.2/packages/debian.official/
ntop-3.2/packages/debian.official/README.Debian
ntop-3.2/packages/debian.official/changelog
ntop-3.2/packages/debian.official/conffiles
ntop-3.2/packages/debian.official/config
ntop-3.2/packages/debian.official/control
ntop-3.2/packages/debian.official/copyright
ntop-3.2/packages/debian.official/dirs
ntop-3.2/packages/debian.official/init
ntop-3.2/packages/debian.official/logcheck
ntop-3.2/packages/debian.official/logcheck.paranoid
ntop-3.2/packages/debian.official/logrotate
ntop-3.2/packages/debian.official/postinst
ntop-3.2/packages/debian.official/postrm
ntop-3.2/packages/debian.official/prerm
ntop-3.2/packages/debian.official/protocol.list
ntop-3.2/packages/debian.official/rules
ntop-3.2/packages/debian.official/templates
ntop-3.2/packages/suse/
ntop-3.2/packages/suse/ntop.spec
ntop-3.2/packages/suse/ntopd
ntop-3.2/packages/suse/rc.config.ntopd
ntop-3.2/pbuf.c
ntop-3.2/plugin.c
ntop-3.2/plugins/
ntop-3.2/plugins/Makefile.am
ntop-3.2/plugins/FILES
ntop-3.2/plugins/Makefile.in
ntop-3.2/plugins/NTOP-MIB.txt
ntop-3.2/plugins/README.SNMP
ntop-3.2/plugins/globals-structtypes.xml
ntop-3.2/plugins/icmpPlugin.c
ntop-3.2/plugins/lastSeenPlugin.c
ntop-3.2/plugins/netflowPlugin.c
ntop-3.2/plugins/pdaPlugin.c
ntop-3.2/plugins/rrdPlugin.c
ntop-3.2/plugins/rrdPlugin.h
ntop-3.2/plugins/sflowPlugin.c
ntop-3.2/plugins/snmpPlugin.c
ntop-3.2/plugins/xmldumpPlugin.c
ntop-3.2/pluginSkeleton.c
ntop-3.2/PORTING
ntop-3.2/prefs.c
ntop-3.2/protocols.c
ntop-3.2/README
ntop-3.2/report.c
ntop-3.2/reportUtils.c
ntop-3.2/scsiUtils.h
ntop-3.2/sessions.c
ntop-3.2/specialMAC.txt.gz
ntop-3.2/ssl.c
ntop-3.2/stamp-h.in
ntop-3.2/SUPPORT_NTOP.txt
ntop-3.2/term.c
ntop-3.2/THANKS
ntop-3.2/traffic.c
ntop-3.2/util.c
ntop-3.2/utildl.c
ntop-3.2/utils/
ntop-3.2/utils/Juniper/
ntop-3.2/utils/Juniper/setFilter.pl
ntop-3.2/utils/Juniper/README
ntop-3.2/utils/Juniper/juniper.conf.sample
ntop-3.2/utils/AutoConfigureNtop
ntop-3.2/utils/Makefile
ntop-3.2/utils/README
ntop-3.2/utils/addMacAddress.c
ntop-3.2/utils/addMacAddressFile.pl
ntop-3.2/utils/addVlanName.c
ntop-3.2/utils/census.sh
ntop-3.2/utils/checkrrdmodel.sh
ntop-3.2/utils/config_h.sh
ntop-3.2/utils/config_h1.awk
ntop-3.2/utils/config_h2.awk
ntop-3.2/utils/faqtohtml.awk
ntop-3.2/utils/inetnum2countryalloc.c
ntop-3.2/utils/init.d_ntop
ntop-3.2/utils/insertssi.awk
ntop-3.2/utils/linuxrelease
ntop-3.2/utils/lookuptest.c
ntop-3.2/utils/p2c
ntop-3.2/utils/p2clib.c
ntop-3.2/utils/p2clib.h
ntop-3.2/utils/prefixtablegen.c
ntop-3.2/utils/processstruct.awk
ntop-3.2/utils/rm.bat
ntop-3.2/utils/sampleMACfile.txt
ntop-3.2/utils/verified.awk
ntop-3.2/utils/xmldump.awk
ntop-3.2/utils/rrd-alarm/
ntop-3.2/utils/rrd-alarm/conf/
ntop-3.2/utils/rrd-alarm/conf/alarm.conf.example
ntop-3.2/utils/rrd-alarm/doc/
ntop-3.2/utils/rrd-alarm/doc/rrd.pdf
ntop-3.2/utils/rrd-alarm/Makefile
ntop-3.2/utils/rrd-alarm/README
ntop-3.2/utils/rrd-alarm/rrd_alarm.c
ntop-3.2/vendor.c
ntop-3.2/vt.sed
ntop-3.2/webInterface.c
ntop-3.2/www/
ntop-3.2/www/PHP/
ntop-3.2/www/PHP/doSearch.php
ntop-3.2/www/PHP/ifStats.php
ntop-3.2/www/PHP/index.html
ntop-3.2/www/PHP/sessions.php
ntop-3.2/www/FILES
ntop-3.2/www/README
ntop-3.2/www/Perl/
ntop-3.2/www/Perl/dumpFlat.pl
ntop-3.2/www/Perl/mapper.pl
ntop-3.2/www/Perl/nClient
ntop-3.2/www/Perl/remoteClient.pl
ntop-3.2/www/Python/
ntop-3.2/www/Python/ntopTest.py

Welcome to ntop, Version 3.2  SourceForge .tgz
  copyright (c) 1998-2005 Luca Deri <deri@ntop.org>

Configuration script version v3.2-2005-10-20

************************************************************************
*                                                                      *
* NOTICE:  I know you're used to ignoring output from ./configure      *
*                                                                      *
*          ntop has a lot of complexity and interdependences.          *
*                                                                      *
*          Please, please AT LEAST read the stuff in these boxes!      *
*                                                                      *
*>>> The ACTION taken by ./configure is shown prefixed with '>>>'      *
*                                                                      *
*    If that ACTION is unacceptable,                                   *
*??? Steps to take to fix the problem are shown, prefixed with '???'   *
*                                                                      *
************************************************************************

NOTE: To developers:

       If you have the Gnu auto* tools (automake, autoconf and libtool)
       installed, you may wish to enable the automatic regeneration of
       the configure scripts.  Do this before running ./configure:

$ export NTOPAUTOREBUILD=yes

NOTE:

       To enable additional, debugging messages during the ./configure
       execution, do this before running ./configure:

$ export NTOPCONFIGDEBUG=yes


Configuring ntop according to your request(s):
   ./configure --prefix=/usr/local/ntop-3.2 --with-gd-root=/usr/local/gd-2.0.34 --with-gd-lib=/usr/local/gd-2.0.34/lib --with-gd-include=/usr/local/gd-2.0.34/include

checking build system type... i686-pc-linux-gnu
checking host system type... i686-pc-linux-gnu
checking target system type... i686-pc-linux-gnu
checking for a BSD-compatible install... /usr/bin/ginstall -c
checking whether build environment is sane... yes
checking for gawk... gawk
checking whether make sets $(MAKE)... yes
checking for gawk... (cached) gawk
checking for style of include used by make... GNU
checking for gcc... gcc
checking for C compiler default output file name... a.out
checking whether the C compiler works... yes
checking whether we are cross compiling... no
checking for suffix of executables... 
checking for suffix of object files... o
checking whether we are using the GNU C compiler... yes
checking whether gcc accepts -g... yes
checking for gcc option to accept ANSI C... none needed
checking dependency style of gcc... gcc3
checking how to run the C preprocessor... gcc -E
checking for gcc... (cached) gcc
checking whether we are using the GNU C compiler... (cached) yes
checking whether gcc accepts -g... (cached) yes
checking for gcc option to accept ANSI C... (cached) none needed
checking dependency style of gcc... (cached) gcc3
checking for a BSD-compatible install... /usr/bin/ginstall -c
checking whether ln -s works... yes
checking whether make sets $(MAKE)... (cached) yes
checking for ranlib... ranlib
checking for libtool... 
checking for a sed that does not truncate output... /usr/bin/sed
checking for egrep... grep -E
checking for ld used by gcc... /usr/i486-slackware-linux/bin/ld
checking if the linker (/usr/i486-slackware-linux/bin/ld) is GNU ld... yes
checking for /usr/i486-slackware-linux/bin/ld option to reload object files... -r
checking for BSD-compatible nm... /usr/bin/nm -B
checking how to recognise dependent libraries... pass_all
checking for ANSI C header files... yes
checking for sys/types.h... yes
checking for sys/stat.h... yes
checking for stdlib.h... yes
checking for string.h... yes
checking for memory.h... yes
checking for strings.h... yes
checking for inttypes.h... yes
checking for stdint.h... yes
checking for unistd.h... yes
checking dlfcn.h usability... yes
checking dlfcn.h presence... yes
checking for dlfcn.h... yes
checking for g++... g++
checking whether we are using the GNU C++ compiler... yes
checking whether g++ accepts -g... yes
checking dependency style of g++... gcc3
checking how to run the C++ preprocessor... g++ -E
checking for g77... g77
checking whether we are using the GNU Fortran 77 compiler... yes
checking whether g77 accepts -g... yes
checking the maximum length of command line arguments... 32768
checking command to parse /usr/bin/nm -B output from gcc object... ok
checking for objdir... .libs
checking for ar... ar
checking for ranlib... (cached) ranlib
checking for strip... strip
checking if gcc static flag  works... yes
checking if gcc supports -fno-rtti -fno-exceptions... no
checking for gcc option to produce PIC... -fPIC
checking if gcc PIC flag -fPIC works... yes
checking if gcc supports -c -o file.o... yes
checking whether the gcc linker (/usr/i486-slackware-linux/bin/ld) supports shared libraries... yes
checking whether -lc should be explicitly linked in... no
checking dynamic linker characteristics... GNU/Linux ld.so
checking how to hardcode library paths into programs... immediate
checking whether stripping libraries is possible... yes
checking if libtool supports shared libraries... yes
checking whether to build shared libraries... yes
checking whether to build static libraries... yes
configure: creating libtool
appending configuration tag "CXX" to libtool
checking for ld used by g++... /usr/i486-slackware-linux/bin/ld
checking if the linker (/usr/i486-slackware-linux/bin/ld) is GNU ld... yes
checking whether the g++ linker (/usr/i486-slackware-linux/bin/ld) supports shared libraries... yes
checking for g++ option to produce PIC... -fPIC
checking if g++ PIC flag -fPIC works... yes
checking if g++ supports -c -o file.o... yes
checking whether the g++ linker (/usr/i486-slackware-linux/bin/ld) supports shared libraries... yes
checking dynamic linker characteristics... GNU/Linux ld.so
checking how to hardcode library paths into programs... immediate
checking whether stripping libraries is possible... yes
appending configuration tag "F77" to libtool
checking if libtool supports shared libraries... yes
checking whether to build shared libraries... yes
checking whether to build static libraries... yes
checking for g77 option to produce PIC... -fPIC
checking if g77 PIC flag -fPIC works... yes
checking if g77 supports -c -o file.o... yes
checking whether the g77 linker (/usr/i486-slackware-linux/bin/ld) supports shared libraries... yes
checking dynamic linker characteristics... GNU/Linux ld.so
checking how to hardcode library paths into programs... immediate
checking whether stripping libraries is possible... yes
checking for libtool... $(SHELL) $(top_builddir)/libtool
  Checking libtool version...1.5.22
checking for autoheader... autoheader
checking for aclocal... aclocal
checking for automake... automake
checking for autoconf... autoconf
./configure: line 21630: ac_enable_jumbo-frames=no: command not found
checking for aclocal.m4... yes
checking for depcomp... yes

Checking C compiler program and features...

checking for gcc... (cached) gcc
checking whether we are using the GNU C compiler... (cached) yes
checking whether gcc accepts -g... (cached) yes
checking for gcc option to accept ANSI C... (cached) none needed
checking dependency style of gcc... (cached) gcc3

*******************************************************************
*
* Checking for unique options for i686-pc-linux-gnu, gcc...
*
* This appears to be LINUX slackware 11.0.0
*
*   Testing for extra configuration options for LINUX slackware 11.0.0
*
*    Executing configureextra/LINUXslackware
        Setting Slackware specific flag values
*
*******************************************************************

Test the compiler and setup CFLAGS...

checking if compiler accepts -W (warning flags)... yes
checking for an ANSI C-conforming const... yes
checking for working volatile... yes
checking for inline... inline
checking whether char is unsigned... no
checking for working long double with more range or precision than double... yes
checking whether byte ordering is bigendian... no

Critical library/include tests...

checking for pcap... 
checking pcap.h usability... yes
checking pcap.h presence... yes
checking for pcap.h... yes
checking net/bpf.h usability... no
checking net/bpf.h presence... no
checking for net/bpf.h... no
checking pcap-bpf.h usability... yes
checking pcap-bpf.h presence... yes
checking for pcap-bpf.h... yes
checking for pcap_open_live in -lpcap... yes
checking for pcap_findalldevs in -lpcap... yes
checking for pcap_open_dead in -lpcap... yes
checking for pcap_lib_version in -lpcap... yes
checking for pcap_freecode in -lpcap... yes
checking for pcap_freealldevs in -lpcap... yes
checking for pcap_setnonblock in -lpcap... yes
checking for gdbm... 
checking gdbm.h usability... yes
checking gdbm.h presence... yes
checking for gdbm.h... yes
checking for gdbm_open in -lgdbm... yes
checking for gd... 

*******************************************************************
*
* ERROR:    You specified or implied a non-existent directory for
*           gd:
*               --with-gd-lib=/usr/local/gd-2.0.34/lib
*               --with-gd-include=/usr/local/gd-2.0.34/include
*
*>>> Continuing without gd is impossible.
*
*???     1. Correct the --with-gd-xxxxx option and rerun
*???        ./configure
*
*******************************************************************

chown: cannot access `/usr/local/ntop-3.2/share/ntop': No such file or directory
chown: cannot access `/usr/local/ntop-3.2/var': No such file or directory
Final da instalacao: Tue May 22 04:44:57 BRT 2007
