Inicio da instalacao: Wed Apr 18 23:15:31 BRT 2007
## inicio funcconfgd ##
## declarando variavies ##
## criando diretorio de instalacao e copiando arquivos fonte
## instalando libgd ##
gd-2.0.34/config/Makefile.am
gd-2.0.34/config/Makefile.in
gd-2.0.34/config/gdlib-config.in
gd-2.0.34/config/config.guess
gd-2.0.34/config/config.rpath
gd-2.0.34/config/config.sub
gd-2.0.34/config/depcomp
gd-2.0.34/config/install-sh
gd-2.0.34/config/ltmain.sh
gd-2.0.34/config/missing
gd-2.0.34/config/mkinstalldirs
gd-2.0.34/configure.ac
gd-2.0.34/aclocal.m4
gd-2.0.34/gd.h
gd-2.0.34/gdfx.h
gd-2.0.34/gd_io.h
gd-2.0.34/gdcache.h
gd-2.0.34/gdfontg.h
gd-2.0.34/gdfontl.h
gd-2.0.34/gdfontmb.h
gd-2.0.34/gdfonts.h
gd-2.0.34/gdfontt.h
gd-2.0.34/entities.h
gd-2.0.34/Makefile.am
gd-2.0.34/Makefile.in
gd-2.0.34/config.hin
gd-2.0.34/configure
gd-2.0.34/COPYING
gd-2.0.34/INSTALL
gd-2.0.34/depcomp
gd-2.0.34/install-sh
gd-2.0.34/missing
gd-2.0.34/mkinstalldirs
gd-2.0.34/gd.c
gd-2.0.34/gdfx.c
gd-2.0.34/gd_security.c
gd-2.0.34/gd_gd.c
gd-2.0.34/gd_gd2.c
gd-2.0.34/gd_io.c
gd-2.0.34/gd_io_dp.c
gd-2.0.34/gd_gif_in.c
gd-2.0.34/gd_gif_out.c
gd-2.0.34/gd_io_file.c
gd-2.0.34/gd_io_ss.c
gd-2.0.34/gd_jpeg.c
gd-2.0.34/gd_png.c
gd-2.0.34/gd_ss.c
gd-2.0.34/gd_topal.c
gd-2.0.34/gd_wbmp.c
gd-2.0.34/gdcache.c
gd-2.0.34/gdfontg.c
gd-2.0.34/gdfontl.c
gd-2.0.34/gdfontmb.c
gd-2.0.34/gdfonts.c
gd-2.0.34/gdfontt.c
gd-2.0.34/gdft.c
gd-2.0.34/gdhelpers.c
gd-2.0.34/gdhelpers.h
gd-2.0.34/gdkanji.c
gd-2.0.34/gdtables.c
gd-2.0.34/gdxpm.c
gd-2.0.34/jisx0208.h
gd-2.0.34/wbmp.c
gd-2.0.34/wbmp.h
gd-2.0.34/annotate.c
gd-2.0.34/circletexttest.c
gd-2.0.34/fontconfigtest.c
gd-2.0.34/fontsizetest.c
gd-2.0.34/fontwheeltest.c
gd-2.0.34/gd2copypal.c
gd-2.0.34/gd2time.c
gd-2.0.34/gd2togif.c
gd-2.0.34/gd2topng.c
gd-2.0.34/gdcmpgif.c
gd-2.0.34/gddemo.c
gd-2.0.34/gdparttopng.c
gd-2.0.34/gdtest.c
gd-2.0.34/gdtestft.c
gd-2.0.34/gdtopng.c
gd-2.0.34/gifanimtest.c
gd-2.0.34/giftogd2.c
gd-2.0.34/pngtogd.c
gd-2.0.34/pngtogd2.c
gd-2.0.34/testac.c
gd-2.0.34/testtr.c
gd-2.0.34/webpng.c
gd-2.0.34/README-JPEG.TXT
gd-2.0.34/README.TXT
gd-2.0.34/bdftogd
gd-2.0.34/demoin.png
gd-2.0.34/err.out
gd-2.0.34/index.html
gd-2.0.34/install-item
gd-2.0.34/readme.jpn
gd-2.0.34/entities.html
gd-2.0.34/entities.tcl
gd-2.0.34/test/Makefile.am
gd-2.0.34/test/Makefile.in
gd-2.0.34/test/gdtest.gd2
gd-2.0.34/test/gdtest.png
gd-2.0.34/test/gdtest_200_300_150_100.png
gd-2.0.34/test/gdtest_merge.png
gd-2.0.34/test/gdtest_wbmp_to_png.png
gd-2.0.34/NEWS
gd-2.0.34/README.TESTING
gd-2.0.34/CMakeLists.txt
gd-2.0.34/config.h.cmake
gd-2.0.34/tests/gdimagecopyrotated/bug00020_exp.png
gd-2.0.34/tests/gdimagecopyrotated/CMakeLists.txt
gd-2.0.34/tests/gdimagecopyrotated/bug00020.c
gd-2.0.34/tests/gdimagecolorresolve/CMakeLists.txt
gd-2.0.34/tests/gdimagecolorresolve/gdimagecolorresolve.c
gd-2.0.34/tests/gdimagefilledellipse/CMakeLists.txt
gd-2.0.34/tests/gdimagefilledellipse/bug00010.c
gd-2.0.34/tests/gdimagefilledellipse/bug00010_exp.png
gd-2.0.34/tests/gdtest/gdtest.h
gd-2.0.34/tests/gdtest/CMakeLists.txt
gd-2.0.34/tests/gdtest/gdtest.c
gd-2.0.34/tests/gdimagefilledrectangle/CMakeLists.txt
gd-2.0.34/tests/gdimagefilledrectangle/bug00004.c
gd-2.0.34/tests/png/emptyfile
gd-2.0.34/tests/png/bug00011.c
gd-2.0.34/tests/png/CMakeLists.txt
gd-2.0.34/tests/png/bug00033.png
gd-2.0.34/tests/png/bug00033.c
gd-2.0.34/tests/gdimagecolorexact/gdimagecolorexact.c
gd-2.0.34/tests/gdimagecolorexact/CMakeLists.txt
gd-2.0.34/tests/gd2/gd2_empty_file.c
gd-2.0.34/tests/gd2/conv_gd2_exp.gd2
gd-2.0.34/tests/gd2/empty.gd2
gd-2.0.34/tests/gd2/CMakeLists.txt
gd-2.0.34/tests/gd2/gd2_read.c
gd-2.0.34/tests/gd2/conv_test.gd2
gd-2.0.34/tests/gd2/conv_test_exp.png
gd-2.0.34/tests/gdimageline/gdimageline_aa_b_0_exp.png
gd-2.0.34/tests/gdimageline/gdimageline_aa_a_1_exp.png
gd-2.0.34/tests/gdimageline/gdimageline_aa_b_1_exp.png
gd-2.0.34/tests/gdimageline/gdimageline_aa_c_0_exp.png
gd-2.0.34/tests/gdimageline/gdimageline_aa.c
gd-2.0.34/tests/gdimageline/gdimageline_aa_d_1_exp.png
gd-2.0.34/tests/gdimageline/CMakeLists.txt
gd-2.0.34/tests/gdimageline/gdimageline_aa_d_0_exp.png
gd-2.0.34/tests/gdimageline/gdimageline_aa_c_1_exp.png
gd-2.0.34/tests/gdimageline/gdimageline_aa_outofrange.c
gd-2.0.34/tests/gdimageline/gdimageline_aa_a_0_exp.png
gd-2.0.34/tests/CMakeLists.txt
gd-2.0.34/tests/gdimagecopy/CMakeLists.txt
gd-2.0.34/tests/gdimagecopy/bug00007.c
gd-2.0.34/tests/gdtiled/bug00032_exp.png
gd-2.0.34/tests/gdtiled/CMakeLists.txt
gd-2.0.34/tests/gdtiled/bug00032.c
gd-2.0.34/tests/gif/bug00005_2.gif
gd-2.0.34/tests/gif/bug00005_2_exp.png
gd-2.0.34/tests/gif/bug00005.c
gd-2.0.34/tests/gif/bug00005_3.gif
gd-2.0.34/tests/gif/CMakeLists.txt
gd-2.0.34/tests/gif/bug00005_1.gif
gd-2.0.34/tests/gif/bug00006.c
gd-2.0.34/tests/gif/bug00005_0.gif
gd-2.0.34/tests/gif/bug00005_2.c
gd-2.0.34/tests/gdimagefilltoborder/bug00037.c
gd-2.0.34/tests/gdimagefilltoborder/CMakeLists.txt
gd-2.0.34/tests/jpeg/CMakeLists.txt
gd-2.0.34/tests/jpeg/empty.jpeg
gd-2.0.34/tests/jpeg/jpeg_empty_file.c
gd-2.0.34/tests/jpeg/jpeg_read.c
gd-2.0.34/tests/jpeg/conv_test_exp.png
gd-2.0.34/tests/jpeg/conv_test.jpeg
gd-2.0.34/tests/gdimagecolorclosest/CMakeLists.txt
gd-2.0.34/tests/gdimagecolorclosest/gdimagecolorclosest.c
gd-2.0.34/tests/gdimagefill/bug00002_2.c
gd-2.0.34/tests/gdimagefill/bug00002_4_exp.png
gd-2.0.34/tests/gdimagefill/bug00002_1_exp.png
gd-2.0.34/tests/gdimagefill/bug00002_1.c
gd-2.0.34/tests/gdimagefill/bug00002_3.c
gd-2.0.34/tests/gdimagefill/CMakeLists.txt
gd-2.0.34/tests/gdimagefill/bug00002_3_exp.png
gd-2.0.34/tests/gdimagefill/bug00002_2_exp.png
gd-2.0.34/tests/gdimagefill/bug00002_4.c
gd-2.0.34/tests/gdimagerectangle/CMakeLists.txt
gd-2.0.34/tests/gdimagerectangle/bug00003.c
gd-2.0.34/windows/libgd.rc
gd-2.0.34/windows/Makefile
checking build system type... i686-pc-linux-gnu
checking host system type... i686-pc-linux-gnu
checking target system type... i686-pc-linux-gnu
checking for a BSD-compatible install... /usr/bin/ginstall -c
checking whether build environment is sane... yes
checking for gawk... gawk
checking whether make sets $(MAKE)... yes
checking if we are building a Cygwin target... no
checking for gcc... gcc
checking for C compiler default output file name... a.out
checking whether the C compiler works... yes
checking whether we are cross compiling... no
checking for suffix of executables... 
checking for suffix of object files... o
checking whether we are using the GNU C compiler... yes
checking whether gcc accepts -g... yes
checking for gcc option to accept ISO C89... none needed
checking for style of include used by make... GNU
checking dependency style of gcc... gcc3
checking for gcc... (cached) gcc
checking whether we are using the GNU C compiler... (cached) yes
checking whether gcc accepts -g... (cached) yes
checking for gcc option to accept ISO C89... (cached) none needed
checking dependency style of gcc... (cached) gcc3
checking for a BSD-compatible install... /usr/bin/ginstall -c
checking for a sed that does not truncate output... /usr/bin/sed
checking for grep that handles long lines and -e... /usr/bin/grep
checking for egrep... /usr/bin/grep -E
checking for ld used by gcc... /usr/i486-slackware-linux/bin/ld
checking if the linker (/usr/i486-slackware-linux/bin/ld) is GNU ld... yes
checking for /usr/i486-slackware-linux/bin/ld option to reload object files... -r
checking for BSD-compatible nm... /usr/bin/nm -B
checking whether ln -s works... yes
checking how to recognise dependent libraries... pass_all
checking how to run the C preprocessor... gcc -E
checking for ANSI C header files... yes
checking for sys/types.h... yes
checking for sys/stat.h... yes
checking for stdlib.h... yes
checking for string.h... yes
checking for memory.h... yes
checking for strings.h... yes
checking for inttypes.h... yes
checking for stdint.h... yes
checking for unistd.h... yes
checking dlfcn.h usability... yes
checking dlfcn.h presence... yes
checking for dlfcn.h... yes
checking for g++... g++
checking whether we are using the GNU C++ compiler... yes
checking whether g++ accepts -g... yes
checking dependency style of g++... gcc3
checking how to run the C++ preprocessor... g++ -E
checking for g77... g77
checking whether we are using the GNU Fortran 77 compiler... yes
checking whether g77 accepts -g... yes
checking the maximum length of command line arguments... 32768
checking command to parse /usr/bin/nm -B output from gcc object... ok
checking for objdir... .libs
checking for ar... ar
checking for ranlib... ranlib
checking for strip... strip
checking if gcc supports -fno-rtti -fno-exceptions... no
checking for gcc option to produce PIC... -fPIC
checking if gcc PIC flag -fPIC works... yes
checking if gcc static flag -static works... yes
checking if gcc supports -c -o file.o... yes
checking whether the gcc linker (/usr/i486-slackware-linux/bin/ld) supports shared libraries... yes
checking whether -lc should be explicitly linked in... no
checking dynamic linker characteristics... GNU/Linux ld.so
checking how to hardcode library paths into programs... immediate
checking whether stripping libraries is possible... yes
checking if libtool supports shared libraries... yes
checking whether to build shared libraries... yes
checking whether to build static libraries... yes
configure: creating libtool
appending configuration tag "CXX" to libtool
checking for ld used by g++... /usr/i486-slackware-linux/bin/ld
checking if the linker (/usr/i486-slackware-linux/bin/ld) is GNU ld... yes
checking whether the g++ linker (/usr/i486-slackware-linux/bin/ld) supports shared libraries... yes
checking for g++ option to produce PIC... -fPIC
checking if g++ PIC flag -fPIC works... yes
checking if g++ static flag -static works... yes
checking if g++ supports -c -o file.o... yes
checking whether the g++ linker (/usr/i486-slackware-linux/bin/ld) supports shared libraries... yes
checking dynamic linker characteristics... GNU/Linux ld.so
checking how to hardcode library paths into programs... immediate
appending configuration tag "F77" to libtool
checking if libtool supports shared libraries... yes
checking whether to build shared libraries... yes
checking whether to build static libraries... yes
checking for g77 option to produce PIC... -fPIC
checking if g77 PIC flag -fPIC works... yes
checking if g77 static flag -static works... yes
checking if g77 supports -c -o file.o... yes
checking whether the g77 linker (/usr/i486-slackware-linux/bin/ld) supports shared libraries... yes
checking dynamic linker characteristics... GNU/Linux ld.so
checking how to hardcode library paths into programs... immediate
checking whether ln -s works... yes
checking whether make sets $(MAKE)... (cached) yes
checking for X... libraries /usr/X11/lib, headers 
checking for ANSI C header files... (cached) yes
checking errno.h usability... yes
checking errno.h presence... yes
checking for errno.h... yes
checking limits.h usability... yes
checking limits.h presence... yes
checking for limits.h... yes
checking stddef.h usability... yes
checking stddef.h presence... yes
checking for stddef.h... yes
checking for stdlib.h... (cached) yes
checking for string.h... (cached) yes
checking for unistd.h... (cached) yes
checking for ld used by GCC... /usr/i486-slackware-linux/bin/ld
checking if the linker (/usr/i486-slackware-linux/bin/ld) is GNU ld... yes
checking for shared library run path origin... done
checking for iconv... yes
checking for iconv declaration... 
         extern size_t iconv (iconv_t cd, char * *inbuf, size_t *inbytesleft, char * *outbuf, size_t *outbytesleft);
checking iconv.h usability... yes
checking iconv.h presence... yes
checking for iconv.h... yes
checking whether iconv.h defines iconv_t... yes
checking for sin... no
checking for sin in -lm... yes
checking for deflate in -lz... yes
checking for libpng12-config... /usr/bin/libpng12-config
checking for libpng-config... /usr/bin/libpng-config
checking png.h usability... yes
checking png.h presence... yes
checking for png.h... yes
checking for png_create_read_struct in -lpng12... yes
checking for freetype-config... /usr/bin/freetype-config
checking for FT_Init_FreeType in -lfreetype... yes
checking ft2build.h usability... yes
checking ft2build.h presence... yes
checking for ft2build.h... yes
checking for FcInit in -lfontconfig... yes
checking for jpeg_set_defaults in -ljpeg... yes
checking for XpmReadFileToXpmImage in -lXpm... yes
checking for the pthreads library -lpthreads... no
checking whether pthreads work without any flags... no
checking whether pthreads work with -Kthread... no
checking whether pthreads work with -kthread... no
checking for the pthreads library -llthread... no
checking whether pthreads work with -pthread... yes
checking for joinable pthread attribute... PTHREAD_CREATE_JOINABLE
checking if more special flags are required for pthreads... no

** Configuration summary for gd 2.0.34:

   Support for PNG library:          yes
   Support for JPEG library:         yes
   Support for Freetype 2.x library: yes
   Support for Fontconfig library:   yes
   Support for Xpm library:          yes
   Support for pthreads:             yes

configure: creating ./config.status
config.status: creating Makefile
config.status: creating config/Makefile
config.status: creating config/gdlib-config
config.status: creating test/Makefile
config.status: creating config.h
config.status: executing depfiles commands
cd . && /bin/sh /root/install/gd-2.0.34/config/missing --run autoheader
rm -f stamp-h1
touch config.hin
cd . && /bin/sh ./config.status config.h
config.status: creating config.h
config.status: config.h is unchanged
make  all-recursive
make[1]: Entering directory `/root/install/gd-2.0.34'
Making all in config
make[2]: Entering directory `/root/install/gd-2.0.34/config'
make[2]: Nothing to be done for `all'.
make[2]: Leaving directory `/root/install/gd-2.0.34/config'
Making all in test
make[2]: Entering directory `/root/install/gd-2.0.34/test'
make[2]: Nothing to be done for `all'.
make[2]: Leaving directory `/root/install/gd-2.0.34/test'
make[2]: Entering directory `/root/install/gd-2.0.34'
if /bin/sh ./libtool --tag=CC --mode=compile gcc -DHAVE_CONFIG_H -I. -I. -I.   -I/usr/include/freetype2   -g -O2 -MT gd.lo -MD -MP -MF ".deps/gd.Tpo" -c -o gd.lo gd.c; \
	then mv -f ".deps/gd.Tpo" ".deps/gd.Plo"; else rm -f ".deps/gd.Tpo"; exit 1; fi
mkdir .libs
 gcc -DHAVE_CONFIG_H -I. -I. -I. -I/usr/include/freetype2 -g -O2 -MT gd.lo -MD -MP -MF .deps/gd.Tpo -c gd.c  -fPIC -DPIC -o .libs/gd.o
 gcc -DHAVE_CONFIG_H -I. -I. -I. -I/usr/include/freetype2 -g -O2 -MT gd.lo -MD -MP -MF .deps/gd.Tpo -c gd.c -o gd.o >/dev/null 2>&1
if /bin/sh ./libtool --tag=CC --mode=compile gcc -DHAVE_CONFIG_H -I. -I. -I.   -I/usr/include/freetype2   -g -O2 -MT gdfx.lo -MD -MP -MF ".deps/gdfx.Tpo" -c -o gdfx.lo gdfx.c; \
	then mv -f ".deps/gdfx.Tpo" ".deps/gdfx.Plo"; else rm -f ".deps/gdfx.Tpo"; exit 1; fi
 gcc -DHAVE_CONFIG_H -I. -I. -I. -I/usr/include/freetype2 -g -O2 -MT gdfx.lo -MD -MP -MF .deps/gdfx.Tpo -c gdfx.c  -fPIC -DPIC -o .libs/gdfx.o
 gcc -DHAVE_CONFIG_H -I. -I. -I. -I/usr/include/freetype2 -g -O2 -MT gdfx.lo -MD -MP -MF .deps/gdfx.Tpo -c gdfx.c -o gdfx.o >/dev/null 2>&1
if /bin/sh ./libtool --tag=CC --mode=compile gcc -DHAVE_CONFIG_H -I. -I. -I.   -I/usr/include/freetype2   -g -O2 -MT gd_security.lo -MD -MP -MF ".deps/gd_security.Tpo" -c -o gd_security.lo gd_security.c; \
	then mv -f ".deps/gd_security.Tpo" ".deps/gd_security.Plo"; else rm -f ".deps/gd_security.Tpo"; exit 1; fi
 gcc -DHAVE_CONFIG_H -I. -I. -I. -I/usr/include/freetype2 -g -O2 -MT gd_security.lo -MD -MP -MF .deps/gd_security.Tpo -c gd_security.c  -fPIC -DPIC -o .libs/gd_security.o
 gcc -DHAVE_CONFIG_H -I. -I. -I. -I/usr/include/freetype2 -g -O2 -MT gd_security.lo -MD -MP -MF .deps/gd_security.Tpo -c gd_security.c -o gd_security.o >/dev/null 2>&1
if /bin/sh ./libtool --tag=CC --mode=compile gcc -DHAVE_CONFIG_H -I. -I. -I.   -I/usr/include/freetype2   -g -O2 -MT gd_gd.lo -MD -MP -MF ".deps/gd_gd.Tpo" -c -o gd_gd.lo gd_gd.c; \
	then mv -f ".deps/gd_gd.Tpo" ".deps/gd_gd.Plo"; else rm -f ".deps/gd_gd.Tpo"; exit 1; fi
 gcc -DHAVE_CONFIG_H -I. -I. -I. -I/usr/include/freetype2 -g -O2 -MT gd_gd.lo -MD -MP -MF .deps/gd_gd.Tpo -c gd_gd.c  -fPIC -DPIC -o .libs/gd_gd.o
 gcc -DHAVE_CONFIG_H -I. -I. -I. -I/usr/include/freetype2 -g -O2 -MT gd_gd.lo -MD -MP -MF .deps/gd_gd.Tpo -c gd_gd.c -o gd_gd.o >/dev/null 2>&1
if /bin/sh ./libtool --tag=CC --mode=compile gcc -DHAVE_CONFIG_H -I. -I. -I.   -I/usr/include/freetype2   -g -O2 -MT gd_gd2.lo -MD -MP -MF ".deps/gd_gd2.Tpo" -c -o gd_gd2.lo gd_gd2.c; \
	then mv -f ".deps/gd_gd2.Tpo" ".deps/gd_gd2.Plo"; else rm -f ".deps/gd_gd2.Tpo"; exit 1; fi
 gcc -DHAVE_CONFIG_H -I. -I. -I. -I/usr/include/freetype2 -g -O2 -MT gd_gd2.lo -MD -MP -MF .deps/gd_gd2.Tpo -c gd_gd2.c  -fPIC -DPIC -o .libs/gd_gd2.o
 gcc -DHAVE_CONFIG_H -I. -I. -I. -I/usr/include/freetype2 -g -O2 -MT gd_gd2.lo -MD -MP -MF .deps/gd_gd2.Tpo -c gd_gd2.c -o gd_gd2.o >/dev/null 2>&1
if /bin/sh ./libtool --tag=CC --mode=compile gcc -DHAVE_CONFIG_H -I. -I. -I.   -I/usr/include/freetype2   -g -O2 -MT gd_io.lo -MD -MP -MF ".deps/gd_io.Tpo" -c -o gd_io.lo gd_io.c; \
	then mv -f ".deps/gd_io.Tpo" ".deps/gd_io.Plo"; else rm -f ".deps/gd_io.Tpo"; exit 1; fi
 gcc -DHAVE_CONFIG_H -I. -I. -I. -I/usr/include/freetype2 -g -O2 -MT gd_io.lo -MD -MP -MF .deps/gd_io.Tpo -c gd_io.c  -fPIC -DPIC -o .libs/gd_io.o
 gcc -DHAVE_CONFIG_H -I. -I. -I. -I/usr/include/freetype2 -g -O2 -MT gd_io.lo -MD -MP -MF .deps/gd_io.Tpo -c gd_io.c -o gd_io.o >/dev/null 2>&1
if /bin/sh ./libtool --tag=CC --mode=compile gcc -DHAVE_CONFIG_H -I. -I. -I.   -I/usr/include/freetype2   -g -O2 -MT gd_io_dp.lo -MD -MP -MF ".deps/gd_io_dp.Tpo" -c -o gd_io_dp.lo gd_io_dp.c; \
	then mv -f ".deps/gd_io_dp.Tpo" ".deps/gd_io_dp.Plo"; else rm -f ".deps/gd_io_dp.Tpo"; exit 1; fi
 gcc -DHAVE_CONFIG_H -I. -I. -I. -I/usr/include/freetype2 -g -O2 -MT gd_io_dp.lo -MD -MP -MF .deps/gd_io_dp.Tpo -c gd_io_dp.c  -fPIC -DPIC -o .libs/gd_io_dp.o
 gcc -DHAVE_CONFIG_H -I. -I. -I. -I/usr/include/freetype2 -g -O2 -MT gd_io_dp.lo -MD -MP -MF .deps/gd_io_dp.Tpo -c gd_io_dp.c -o gd_io_dp.o >/dev/null 2>&1
if /bin/sh ./libtool --tag=CC --mode=compile gcc -DHAVE_CONFIG_H -I. -I. -I.   -I/usr/include/freetype2   -g -O2 -MT gd_gif_in.lo -MD -MP -MF ".deps/gd_gif_in.Tpo" -c -o gd_gif_in.lo gd_gif_in.c; \
	then mv -f ".deps/gd_gif_in.Tpo" ".deps/gd_gif_in.Plo"; else rm -f ".deps/gd_gif_in.Tpo"; exit 1; fi
 gcc -DHAVE_CONFIG_H -I. -I. -I. -I/usr/include/freetype2 -g -O2 -MT gd_gif_in.lo -MD -MP -MF .deps/gd_gif_in.Tpo -c gd_gif_in.c  -fPIC -DPIC -o .libs/gd_gif_in.o
 gcc -DHAVE_CONFIG_H -I. -I. -I. -I/usr/include/freetype2 -g -O2 -MT gd_gif_in.lo -MD -MP -MF .deps/gd_gif_in.Tpo -c gd_gif_in.c -o gd_gif_in.o >/dev/null 2>&1
if /bin/sh ./libtool --tag=CC --mode=compile gcc -DHAVE_CONFIG_H -I. -I. -I.   -I/usr/include/freetype2   -g -O2 -MT gd_gif_out.lo -MD -MP -MF ".deps/gd_gif_out.Tpo" -c -o gd_gif_out.lo gd_gif_out.c; \
	then mv -f ".deps/gd_gif_out.Tpo" ".deps/gd_gif_out.Plo"; else rm -f ".deps/gd_gif_out.Tpo"; exit 1; fi
 gcc -DHAVE_CONFIG_H -I. -I. -I. -I/usr/include/freetype2 -g -O2 -MT gd_gif_out.lo -MD -MP -MF .deps/gd_gif_out.Tpo -c gd_gif_out.c  -fPIC -DPIC -o .libs/gd_gif_out.o
 gcc -DHAVE_CONFIG_H -I. -I. -I. -I/usr/include/freetype2 -g -O2 -MT gd_gif_out.lo -MD -MP -MF .deps/gd_gif_out.Tpo -c gd_gif_out.c -o gd_gif_out.o >/dev/null 2>&1
if /bin/sh ./libtool --tag=CC --mode=compile gcc -DHAVE_CONFIG_H -I. -I. -I.   -I/usr/include/freetype2   -g -O2 -MT gd_io_file.lo -MD -MP -MF ".deps/gd_io_file.Tpo" -c -o gd_io_file.lo gd_io_file.c; \
	then mv -f ".deps/gd_io_file.Tpo" ".deps/gd_io_file.Plo"; else rm -f ".deps/gd_io_file.Tpo"; exit 1; fi
 gcc -DHAVE_CONFIG_H -I. -I. -I. -I/usr/include/freetype2 -g -O2 -MT gd_io_file.lo -MD -MP -MF .deps/gd_io_file.Tpo -c gd_io_file.c  -fPIC -DPIC -o .libs/gd_io_file.o
 gcc -DHAVE_CONFIG_H -I. -I. -I. -I/usr/include/freetype2 -g -O2 -MT gd_io_file.lo -MD -MP -MF .deps/gd_io_file.Tpo -c gd_io_file.c -o gd_io_file.o >/dev/null 2>&1
if /bin/sh ./libtool --tag=CC --mode=compile gcc -DHAVE_CONFIG_H -I. -I. -I.   -I/usr/include/freetype2   -g -O2 -MT gd_io_ss.lo -MD -MP -MF ".deps/gd_io_ss.Tpo" -c -o gd_io_ss.lo gd_io_ss.c; \
	then mv -f ".deps/gd_io_ss.Tpo" ".deps/gd_io_ss.Plo"; else rm -f ".deps/gd_io_ss.Tpo"; exit 1; fi
 gcc -DHAVE_CONFIG_H -I. -I. -I. -I/usr/include/freetype2 -g -O2 -MT gd_io_ss.lo -MD -MP -MF .deps/gd_io_ss.Tpo -c gd_io_ss.c  -fPIC -DPIC -o .libs/gd_io_ss.o
 gcc -DHAVE_CONFIG_H -I. -I. -I. -I/usr/include/freetype2 -g -O2 -MT gd_io_ss.lo -MD -MP -MF .deps/gd_io_ss.Tpo -c gd_io_ss.c -o gd_io_ss.o >/dev/null 2>&1
if /bin/sh ./libtool --tag=CC --mode=compile gcc -DHAVE_CONFIG_H -I. -I. -I.   -I/usr/include/freetype2   -g -O2 -MT gd_jpeg.lo -MD -MP -MF ".deps/gd_jpeg.Tpo" -c -o gd_jpeg.lo gd_jpeg.c; \
	then mv -f ".deps/gd_jpeg.Tpo" ".deps/gd_jpeg.Plo"; else rm -f ".deps/gd_jpeg.Tpo"; exit 1; fi
 gcc -DHAVE_CONFIG_H -I. -I. -I. -I/usr/include/freetype2 -g -O2 -MT gd_jpeg.lo -MD -MP -MF .deps/gd_jpeg.Tpo -c gd_jpeg.c  -fPIC -DPIC -o .libs/gd_jpeg.o
 gcc -DHAVE_CONFIG_H -I. -I. -I. -I/usr/include/freetype2 -g -O2 -MT gd_jpeg.lo -MD -MP -MF .deps/gd_jpeg.Tpo -c gd_jpeg.c -o gd_jpeg.o >/dev/null 2>&1
if /bin/sh ./libtool --tag=CC --mode=compile gcc -DHAVE_CONFIG_H -I. -I. -I.   -I/usr/include/freetype2   -g -O2 -MT gd_png.lo -MD -MP -MF ".deps/gd_png.Tpo" -c -o gd_png.lo gd_png.c; \
	then mv -f ".deps/gd_png.Tpo" ".deps/gd_png.Plo"; else rm -f ".deps/gd_png.Tpo"; exit 1; fi
 gcc -DHAVE_CONFIG_H -I. -I. -I. -I/usr/include/freetype2 -g -O2 -MT gd_png.lo -MD -MP -MF .deps/gd_png.Tpo -c gd_png.c  -fPIC -DPIC -o .libs/gd_png.o
 gcc -DHAVE_CONFIG_H -I. -I. -I. -I/usr/include/freetype2 -g -O2 -MT gd_png.lo -MD -MP -MF .deps/gd_png.Tpo -c gd_png.c -o gd_png.o >/dev/null 2>&1
if /bin/sh ./libtool --tag=CC --mode=compile gcc -DHAVE_CONFIG_H -I. -I. -I.   -I/usr/include/freetype2   -g -O2 -MT gd_ss.lo -MD -MP -MF ".deps/gd_ss.Tpo" -c -o gd_ss.lo gd_ss.c; \
	then mv -f ".deps/gd_ss.Tpo" ".deps/gd_ss.Plo"; else rm -f ".deps/gd_ss.Tpo"; exit 1; fi
 gcc -DHAVE_CONFIG_H -I. -I. -I. -I/usr/include/freetype2 -g -O2 -MT gd_ss.lo -MD -MP -MF .deps/gd_ss.Tpo -c gd_ss.c  -fPIC -DPIC -o .libs/gd_ss.o
 gcc -DHAVE_CONFIG_H -I. -I. -I. -I/usr/include/freetype2 -g -O2 -MT gd_ss.lo -MD -MP -MF .deps/gd_ss.Tpo -c gd_ss.c -o gd_ss.o >/dev/null 2>&1
if /bin/sh ./libtool --tag=CC --mode=compile gcc -DHAVE_CONFIG_H -I. -I. -I.   -I/usr/include/freetype2   -g -O2 -MT gd_topal.lo -MD -MP -MF ".deps/gd_topal.Tpo" -c -o gd_topal.lo gd_topal.c; \
	then mv -f ".deps/gd_topal.Tpo" ".deps/gd_topal.Plo"; else rm -f ".deps/gd_topal.Tpo"; exit 1; fi
 gcc -DHAVE_CONFIG_H -I. -I. -I. -I/usr/include/freetype2 -g -O2 -MT gd_topal.lo -MD -MP -MF .deps/gd_topal.Tpo -c gd_topal.c  -fPIC -DPIC -o .libs/gd_topal.o
 gcc -DHAVE_CONFIG_H -I. -I. -I. -I/usr/include/freetype2 -g -O2 -MT gd_topal.lo -MD -MP -MF .deps/gd_topal.Tpo -c gd_topal.c -o gd_topal.o >/dev/null 2>&1
if /bin/sh ./libtool --tag=CC --mode=compile gcc -DHAVE_CONFIG_H -I. -I. -I.   -I/usr/include/freetype2   -g -O2 -MT gd_wbmp.lo -MD -MP -MF ".deps/gd_wbmp.Tpo" -c -o gd_wbmp.lo gd_wbmp.c; \
	then mv -f ".deps/gd_wbmp.Tpo" ".deps/gd_wbmp.Plo"; else rm -f ".deps/gd_wbmp.Tpo"; exit 1; fi
 gcc -DHAVE_CONFIG_H -I. -I. -I. -I/usr/include/freetype2 -g -O2 -MT gd_wbmp.lo -MD -MP -MF .deps/gd_wbmp.Tpo -c gd_wbmp.c  -fPIC -DPIC -o .libs/gd_wbmp.o
 gcc -DHAVE_CONFIG_H -I. -I. -I. -I/usr/include/freetype2 -g -O2 -MT gd_wbmp.lo -MD -MP -MF .deps/gd_wbmp.Tpo -c gd_wbmp.c -o gd_wbmp.o >/dev/null 2>&1
if /bin/sh ./libtool --tag=CC --mode=compile gcc -DHAVE_CONFIG_H -I. -I. -I.   -I/usr/include/freetype2   -g -O2 -MT gdcache.lo -MD -MP -MF ".deps/gdcache.Tpo" -c -o gdcache.lo gdcache.c; \
	then mv -f ".deps/gdcache.Tpo" ".deps/gdcache.Plo"; else rm -f ".deps/gdcache.Tpo"; exit 1; fi
 gcc -DHAVE_CONFIG_H -I. -I. -I. -I/usr/include/freetype2 -g -O2 -MT gdcache.lo -MD -MP -MF .deps/gdcache.Tpo -c gdcache.c  -fPIC -DPIC -o .libs/gdcache.o
 gcc -DHAVE_CONFIG_H -I. -I. -I. -I/usr/include/freetype2 -g -O2 -MT gdcache.lo -MD -MP -MF .deps/gdcache.Tpo -c gdcache.c -o gdcache.o >/dev/null 2>&1
if /bin/sh ./libtool --tag=CC --mode=compile gcc -DHAVE_CONFIG_H -I. -I. -I.   -I/usr/include/freetype2   -g -O2 -MT gdfontg.lo -MD -MP -MF ".deps/gdfontg.Tpo" -c -o gdfontg.lo gdfontg.c; \
	then mv -f ".deps/gdfontg.Tpo" ".deps/gdfontg.Plo"; else rm -f ".deps/gdfontg.Tpo"; exit 1; fi
 gcc -DHAVE_CONFIG_H -I. -I. -I. -I/usr/include/freetype2 -g -O2 -MT gdfontg.lo -MD -MP -MF .deps/gdfontg.Tpo -c gdfontg.c  -fPIC -DPIC -o .libs/gdfontg.o
 gcc -DHAVE_CONFIG_H -I. -I. -I. -I/usr/include/freetype2 -g -O2 -MT gdfontg.lo -MD -MP -MF .deps/gdfontg.Tpo -c gdfontg.c -o gdfontg.o >/dev/null 2>&1
if /bin/sh ./libtool --tag=CC --mode=compile gcc -DHAVE_CONFIG_H -I. -I. -I.   -I/usr/include/freetype2   -g -O2 -MT gdfontl.lo -MD -MP -MF ".deps/gdfontl.Tpo" -c -o gdfontl.lo gdfontl.c; \
	then mv -f ".deps/gdfontl.Tpo" ".deps/gdfontl.Plo"; else rm -f ".deps/gdfontl.Tpo"; exit 1; fi
 gcc -DHAVE_CONFIG_H -I. -I. -I. -I/usr/include/freetype2 -g -O2 -MT gdfontl.lo -MD -MP -MF .deps/gdfontl.Tpo -c gdfontl.c  -fPIC -DPIC -o .libs/gdfontl.o
 gcc -DHAVE_CONFIG_H -I. -I. -I. -I/usr/include/freetype2 -g -O2 -MT gdfontl.lo -MD -MP -MF .deps/gdfontl.Tpo -c gdfontl.c -o gdfontl.o >/dev/null 2>&1
if /bin/sh ./libtool --tag=CC --mode=compile gcc -DHAVE_CONFIG_H -I. -I. -I.   -I/usr/include/freetype2   -g -O2 -MT gdfontmb.lo -MD -MP -MF ".deps/gdfontmb.Tpo" -c -o gdfontmb.lo gdfontmb.c; \
	then mv -f ".deps/gdfontmb.Tpo" ".deps/gdfontmb.Plo"; else rm -f ".deps/gdfontmb.Tpo"; exit 1; fi
 gcc -DHAVE_CONFIG_H -I. -I. -I. -I/usr/include/freetype2 -g -O2 -MT gdfontmb.lo -MD -MP -MF .deps/gdfontmb.Tpo -c gdfontmb.c  -fPIC -DPIC -o .libs/gdfontmb.o
 gcc -DHAVE_CONFIG_H -I. -I. -I. -I/usr/include/freetype2 -g -O2 -MT gdfontmb.lo -MD -MP -MF .deps/gdfontmb.Tpo -c gdfontmb.c -o gdfontmb.o >/dev/null 2>&1
if /bin/sh ./libtool --tag=CC --mode=compile gcc -DHAVE_CONFIG_H -I. -I. -I.   -I/usr/include/freetype2   -g -O2 -MT gdfonts.lo -MD -MP -MF ".deps/gdfonts.Tpo" -c -o gdfonts.lo gdfonts.c; \
	then mv -f ".deps/gdfonts.Tpo" ".deps/gdfonts.Plo"; else rm -f ".deps/gdfonts.Tpo"; exit 1; fi
 gcc -DHAVE_CONFIG_H -I. -I. -I. -I/usr/include/freetype2 -g -O2 -MT gdfonts.lo -MD -MP -MF .deps/gdfonts.Tpo -c gdfonts.c  -fPIC -DPIC -o .libs/gdfonts.o
 gcc -DHAVE_CONFIG_H -I. -I. -I. -I/usr/include/freetype2 -g -O2 -MT gdfonts.lo -MD -MP -MF .deps/gdfonts.Tpo -c gdfonts.c -o gdfonts.o >/dev/null 2>&1
if /bin/sh ./libtool --tag=CC --mode=compile gcc -DHAVE_CONFIG_H -I. -I. -I.   -I/usr/include/freetype2   -g -O2 -MT gdfontt.lo -MD -MP -MF ".deps/gdfontt.Tpo" -c -o gdfontt.lo gdfontt.c; \
	then mv -f ".deps/gdfontt.Tpo" ".deps/gdfontt.Plo"; else rm -f ".deps/gdfontt.Tpo"; exit 1; fi
 gcc -DHAVE_CONFIG_H -I. -I. -I. -I/usr/include/freetype2 -g -O2 -MT gdfontt.lo -MD -MP -MF .deps/gdfontt.Tpo -c gdfontt.c  -fPIC -DPIC -o .libs/gdfontt.o
 gcc -DHAVE_CONFIG_H -I. -I. -I. -I/usr/include/freetype2 -g -O2 -MT gdfontt.lo -MD -MP -MF .deps/gdfontt.Tpo -c gdfontt.c -o gdfontt.o >/dev/null 2>&1
if /bin/sh ./libtool --tag=CC --mode=compile gcc -DHAVE_CONFIG_H -I. -I. -I.   -I/usr/include/freetype2   -g -O2 -MT gdft.lo -MD -MP -MF ".deps/gdft.Tpo" -c -o gdft.lo gdft.c; \
	then mv -f ".deps/gdft.Tpo" ".deps/gdft.Plo"; else rm -f ".deps/gdft.Tpo"; exit 1; fi
 gcc -DHAVE_CONFIG_H -I. -I. -I. -I/usr/include/freetype2 -g -O2 -MT gdft.lo -MD -MP -MF .deps/gdft.Tpo -c gdft.c  -fPIC -DPIC -o .libs/gdft.o
gdft.c:1401:35: fontconfig/fontconfig.h: No such file or directory
gdft.c:1464: error: syntax error before '*' token
gdft.c:1464: error: syntax error before '*' token
gdft.c: In function `find_font':
gdft.c:1466: error: `FcResult' undeclared (first use in this function)
gdft.c:1466: error: (Each undeclared identifier is reported only once
gdft.c:1466: error: for each function it appears in.)
gdft.c:1466: error: syntax error before "result"
gdft.c:1468: error: `pattern' undeclared (first use in this function)
gdft.c:1468: error: `FcMatchPattern' undeclared (first use in this function)
gdft.c:1469: error: `FcMatchFont' undeclared (first use in this function)
gdft.c:1472: error: `result' undeclared (first use in this function)
gdft.c:1472: warning: return makes pointer from integer without a cast
gdft.c: At top level:
gdft.c:1477: error: syntax error before '*' token
gdft.c: In function `find_postscript_font':
gdft.c:1479: error: `FcPattern' undeclared (first use in this function)
gdft.c:1479: error: `font' undeclared (first use in this function)
gdft.c:1482: error: `fontpattern' undeclared (first use in this function)
gdft.c:1484: error: `fontname' undeclared (first use in this function)
gdft.c:1485: error: `FcChar8' undeclared (first use in this function)
gdft.c:1485: error: `family' undeclared (first use in this function)
gdft.c:1487: error: `pattern' undeclared (first use in this function)
gdft.c:1489: error: `FC_FAMILY' undeclared (first use in this function)
gdft.c:1489: error: `FcTypeString' undeclared (first use in this function)
gdft.c:1490: error: `FC_STYLE' undeclared (first use in this function)
gdft.c:1495: error: `FcResultMatch' undeclared (first use in this function)
gdft.c: In function `font_pattern':
gdft.c:1514: error: `FcPattern' undeclared (first use in this function)
gdft.c:1514: error: `font' undeclared (first use in this function)
gdft.c:1515: error: `FcChar8' undeclared (first use in this function)
gdft.c:1515: error: `file' undeclared (first use in this function)
gdft.c:1516: error: `pattern' undeclared (first use in this function)
gdft.c:1529: error: syntax error before "FcChar8"
gdft.c:1536: error: `FC_FILE' undeclared (first use in this function)
gdft.c:1536: error: `FcResultMatch' undeclared (first use in this function)
make[2]: Leaving directory `/root/install/gd-2.0.34'
make[2]: *** [gdft.lo] Error 1
make[1]: *** [all-recursive] Error 1
make[1]: Leaving directory `/root/install/gd-2.0.34'
make: *** [all] Error 2
## final funcconfgd ##
Final da instalacao: Wed Apr 18 23:15:57 BRT 2007
